TN:
SF:src\main\ipcHandlers.ts
FN:18,(anonymous_0)
FN:19,(anonymous_1)
FN:20,(anonymous_2)
FN:21,(anonymous_3)
FN:22,(anonymous_4)
FN:23,(anonymous_5)
FN:25,(anonymous_6)
FN:26,(anonymous_7)
FN:27,registerIpcHandlers
FN:29,(anonymous_9)
FN:32,(anonymous_10)
FN:35,(anonymous_11)
FN:46,(anonymous_12)
FN:54,(anonymous_13)
FN:60,(anonymous_14)
FN:72,(anonymous_15)
FN:78,(anonymous_16)
FN:84,(anonymous_17)
FN:93,(anonymous_18)
FN:107,(anonymous_19)
FN:113,(anonymous_20)
FN:135,(anonymous_21)
FN:138,(anonymous_22)
FN:141,(anonymous_23)
FN:145,(anonymous_24)
FN:148,(anonymous_25)
FN:151,(anonymous_26)
FN:166,(anonymous_27)
FN:172,(anonymous_28)
FN:175,(anonymous_29)
FN:178,(anonymous_30)
FN:181,(anonymous_31)
FN:185,(anonymous_32)
FN:188,(anonymous_33)
FN:191,(anonymous_34)
FN:204,(anonymous_35)
FN:211,(anonymous_36)
FN:216,(anonymous_37)
FN:219,(anonymous_38)
FN:222,(anonymous_39)
FN:225,(anonymous_40)
FN:228,(anonymous_41)
FN:231,(anonymous_42)
FN:234,(anonymous_43)
FN:238,(anonymous_44)
FN:250,(anonymous_45)
FN:262,(anonymous_46)
FN:265,(anonymous_47)
FN:277,(anonymous_48)
FN:280,(anonymous_49)
FN:306,(anonymous_50)
FN:312,(anonymous_51)
FN:315,(anonymous_52)
FN:318,(anonymous_53)
FN:322,(anonymous_54)
FN:325,(anonymous_55)
FN:328,(anonymous_56)
FN:331,(anonymous_57)
FN:334,(anonymous_58)
FN:337,(anonymous_59)
FN:340,(anonymous_60)
FN:343,(anonymous_61)
FN:347,(anonymous_62)
FN:350,(anonymous_63)
FN:353,(anonymous_64)
FN:357,(anonymous_65)
FN:361,(anonymous_66)
FN:379,(anonymous_67)
FN:424,(anonymous_68)
FN:439,(anonymous_69)
FN:454,(anonymous_70)
FN:467,(anonymous_71)
FN:484,(anonymous_72)
FN:487,(anonymous_73)
FN:492,(anonymous_74)
FN:495,(anonymous_75)
FN:500,(anonymous_76)
FN:513,(anonymous_77)
FN:529,(anonymous_78)
FN:532,(anonymous_79)
FN:536,(anonymous_80)
FN:540,(anonymous_81)
FN:544,(anonymous_82)
FN:556,(anonymous_83)
FNF:84
FNH:0
FNDA:0,(anonymous_0)
FNDA:0,(anonymous_1)
FNDA:0,(anonymous_2)
FNDA:0,(anonymous_3)
FNDA:0,(anonymous_4)
FNDA:0,(anonymous_5)
FNDA:0,(anonymous_6)
FNDA:0,(anonymous_7)
FNDA:0,registerIpcHandlers
FNDA:0,(anonymous_9)
FNDA:0,(anonymous_10)
FNDA:0,(anonymous_11)
FNDA:0,(anonymous_12)
FNDA:0,(anonymous_13)
FNDA:0,(anonymous_14)
FNDA:0,(anonymous_15)
FNDA:0,(anonymous_16)
FNDA:0,(anonymous_17)
FNDA:0,(anonymous_18)
FNDA:0,(anonymous_19)
FNDA:0,(anonymous_20)
FNDA:0,(anonymous_21)
FNDA:0,(anonymous_22)
FNDA:0,(anonymous_23)
FNDA:0,(anonymous_24)
FNDA:0,(anonymous_25)
FNDA:0,(anonymous_26)
FNDA:0,(anonymous_27)
FNDA:0,(anonymous_28)
FNDA:0,(anonymous_29)
FNDA:0,(anonymous_30)
FNDA:0,(anonymous_31)
FNDA:0,(anonymous_32)
FNDA:0,(anonymous_33)
FNDA:0,(anonymous_34)
FNDA:0,(anonymous_35)
FNDA:0,(anonymous_36)
FNDA:0,(anonymous_37)
FNDA:0,(anonymous_38)
FNDA:0,(anonymous_39)
FNDA:0,(anonymous_40)
FNDA:0,(anonymous_41)
FNDA:0,(anonymous_42)
FNDA:0,(anonymous_43)
FNDA:0,(anonymous_44)
FNDA:0,(anonymous_45)
FNDA:0,(anonymous_46)
FNDA:0,(anonymous_47)
FNDA:0,(anonymous_48)
FNDA:0,(anonymous_49)
FNDA:0,(anonymous_50)
FNDA:0,(anonymous_51)
FNDA:0,(anonymous_52)
FNDA:0,(anonymous_53)
FNDA:0,(anonymous_54)
FNDA:0,(anonymous_55)
FNDA:0,(anonymous_56)
FNDA:0,(anonymous_57)
FNDA:0,(anonymous_58)
FNDA:0,(anonymous_59)
FNDA:0,(anonymous_60)
FNDA:0,(anonymous_61)
FNDA:0,(anonymous_62)
FNDA:0,(anonymous_63)
FNDA:0,(anonymous_64)
FNDA:0,(anonymous_65)
FNDA:0,(anonymous_66)
FNDA:0,(anonymous_67)
FNDA:0,(anonymous_68)
FNDA:0,(anonymous_69)
FNDA:0,(anonymous_70)
FNDA:0,(anonymous_71)
FNDA:0,(anonymous_72)
FNDA:0,(anonymous_73)
FNDA:0,(anonymous_74)
FNDA:0,(anonymous_75)
FNDA:0,(anonymous_76)
FNDA:0,(anonymous_77)
FNDA:0,(anonymous_78)
FNDA:0,(anonymous_79)
FNDA:0,(anonymous_80)
FNDA:0,(anonymous_81)
FNDA:0,(anonymous_82)
FNDA:0,(anonymous_83)
DA:2,0
DA:3,0
DA:4,0
DA:5,0
DA:6,0
DA:7,0
DA:8,0
DA:9,0
DA:10,0
DA:11,0
DA:12,0
DA:13,0
DA:14,0
DA:15,0
DA:16,0
DA:17,0
DA:18,0
DA:19,0
DA:20,0
DA:21,0
DA:22,0
DA:23,0
DA:25,0
DA:26,0
DA:29,0
DA:30,0
DA:32,0
DA:33,0
DA:35,0
DA:36,0
DA:37,0
DA:39,0
DA:42,0
DA:44,0
DA:46,0
DA:47,0
DA:50,0
DA:52,0
DA:54,0
DA:55,0
DA:56,0
DA:58,0
DA:60,0
DA:61,0
DA:62,0
DA:64,0
DA:65,0
DA:67,0
DA:68,0
DA:70,0
DA:72,0
DA:73,0
DA:74,0
DA:76,0
DA:78,0
DA:79,0
DA:80,0
DA:82,0
DA:84,0
DA:85,0
DA:86,0
DA:88,0
DA:89,0
DA:91,0
DA:92,0
DA:93,0
DA:94,0
DA:95,0
DA:96,0
DA:97,0
DA:98,0
DA:100,0
DA:101,0
DA:103,0
DA:105,0
DA:107,0
DA:108,0
DA:109,0
DA:111,0
DA:113,0
DA:114,0
DA:115,0
DA:117,0
DA:118,0
DA:120,0
DA:121,0
DA:123,0
DA:124,0
DA:126,0
DA:127,0
DA:129,0
DA:131,0
DA:133,0
DA:135,0
DA:136,0
DA:138,0
DA:139,0
DA:141,0
DA:142,0
DA:145,0
DA:146,0
DA:148,0
DA:149,0
DA:151,0
DA:152,0
DA:153,0
DA:155,0
DA:156,0
DA:158,0
DA:159,0
DA:161,0
DA:162,0
DA:164,0
DA:166,0
DA:167,0
DA:168,0
DA:170,0
DA:172,0
DA:173,0
DA:175,0
DA:176,0
DA:178,0
DA:179,0
DA:181,0
DA:182,0
DA:185,0
DA:186,0
DA:188,0
DA:189,0
DA:191,0
DA:192,0
DA:193,0
DA:195,0
DA:196,0
DA:198,0
DA:199,0
DA:201,0
DA:202,0
DA:204,0
DA:205,0
DA:207,0
DA:208,0
DA:210,0
DA:211,0
DA:212,0
DA:214,0
DA:216,0
DA:217,0
DA:219,0
DA:220,0
DA:222,0
DA:223,0
DA:225,0
DA:226,0
DA:228,0
DA:229,0
DA:231,0
DA:232,0
DA:234,0
DA:235,0
DA:238,0
DA:239,0
DA:240,0
DA:242,0
DA:243,0
DA:245,0
DA:246,0
DA:248,0
DA:250,0
DA:251,0
DA:252,0
DA:254,0
DA:255,0
DA:257,0
DA:258,0
DA:260,0
DA:262,0
DA:263,0
DA:265,0
DA:266,0
DA:271,0
DA:272,0
DA:274,0
DA:277,0
DA:278,0
DA:280,0
DA:281,0
DA:282,0
DA:284,0
DA:287,0
DA:289,0
DA:290,0
DA:292,0
DA:293,0
DA:295,0
DA:296,0
DA:297,0
DA:299,0
DA:302,0
DA:304,0
DA:306,0
DA:307,0
DA:308,0
DA:310,0
DA:312,0
DA:313,0
DA:315,0
DA:316,0
DA:318,0
DA:319,0
DA:322,0
DA:323,0
DA:325,0
DA:326,0
DA:328,0
DA:329,0
DA:331,0
DA:332,0
DA:334,0
DA:335,0
DA:337,0
DA:338,0
DA:340,0
DA:341,0
DA:343,0
DA:344,0
DA:347,0
DA:348,0
DA:350,0
DA:351,0
DA:353,0
DA:354,0
DA:357,0
DA:358,0
DA:361,0
DA:362,0
DA:363,0
DA:364,0
DA:366,0
DA:367,0
DA:369,0
DA:370,0
DA:371,0
DA:374,0
DA:377,0
DA:378,0
DA:379,0
DA:380,0
DA:381,0
DA:382,0
DA:383,0
DA:387,0
DA:388,0
DA:389,0
DA:390,0
DA:391,0
DA:393,0
DA:394,0
DA:395,0
DA:396,0
DA:397,0
DA:400,0
DA:401,0
DA:402,0
DA:403,0
DA:404,0
DA:405,0
DA:406,0
DA:413,0
DA:414,0
DA:415,0
DA:416,0
DA:424,0
DA:425,0
DA:426,0
DA:427,0
DA:429,0
DA:430,0
DA:432,0
DA:435,0
DA:436,0
DA:439,0
DA:440,0
DA:441,0
DA:442,0
DA:444,0
DA:445,0
DA:447,0
DA:450,0
DA:451,0
DA:454,0
DA:455,0
DA:456,0
DA:457,0
DA:459,0
DA:462,0
DA:463,0
DA:467,0
DA:468,0
DA:469,0
DA:470,0
DA:476,0
DA:477,0
DA:480,0
DA:481,0
DA:484,0
DA:485,0
DA:487,0
DA:488,0
DA:489,0
DA:492,0
DA:493,0
DA:495,0
DA:496,0
DA:497,0
DA:500,0
DA:501,0
DA:502,0
DA:503,0
DA:504,0
DA:506,0
DA:509,0
DA:510,0
DA:513,0
DA:514,0
DA:515,0
DA:516,0
DA:518,0
DA:519,0
DA:520,0
DA:522,0
DA:525,0
DA:526,0
DA:529,0
DA:530,0
DA:532,0
DA:533,0
DA:534,0
DA:536,0
DA:537,0
DA:538,0
DA:540,0
DA:541,0
DA:544,0
DA:545,0
DA:546,0
DA:547,0
DA:549,0
DA:552,0
DA:553,0
DA:556,0
DA:557,0
DA:558,0
DA:559,0
DA:561,0
DA:564,0
DA:565,0
LF:357
LH:0
BRDA:18,0,0,0
BRDA:18,0,1,0
BRDA:18,0,2,0
BRDA:19,1,0,0
BRDA:19,1,1,0
BRDA:19,1,2,0
BRDA:20,2,0,0
BRDA:20,2,1,0
BRDA:20,2,2,0
BRDA:21,3,0,0
BRDA:21,3,1,0
BRDA:22,4,0,0
BRDA:22,4,1,0
BRDA:23,5,0,0
BRDA:23,5,1,0
BRDA:25,6,0,0
BRDA:25,6,1,0
BRDA:26,7,0,0
BRDA:26,7,1,0
BRDA:36,8,0,0
BRDA:36,8,1,0
BRDA:39,9,0,0
BRDA:39,9,1,0
BRDA:39,10,0,0
BRDA:39,10,1,0
BRDA:39,10,2,0
BRDA:47,11,0,0
BRDA:47,11,1,0
BRDA:47,12,0,0
BRDA:47,12,1,0
BRDA:47,12,2,0
BRDA:55,13,0,0
BRDA:55,13,1,0
BRDA:61,14,0,0
BRDA:61,14,1,0
BRDA:61,15,0,0
BRDA:61,15,1,0
BRDA:64,16,0,0
BRDA:64,16,1,0
BRDA:67,17,0,0
BRDA:67,17,1,0
BRDA:67,18,0,0
BRDA:67,18,1,0
BRDA:73,19,0,0
BRDA:73,19,1,0
BRDA:73,20,0,0
BRDA:73,20,1,0
BRDA:79,21,0,0
BRDA:79,21,1,0
BRDA:85,22,0,0
BRDA:85,22,1,0
BRDA:88,23,0,0
BRDA:88,23,1,0
BRDA:94,24,0,0
BRDA:94,24,1,0
BRDA:97,25,0,0
BRDA:97,25,1,0
BRDA:100,26,0,0
BRDA:100,26,1,0
BRDA:108,27,0,0
BRDA:108,27,1,0
BRDA:114,28,0,0
BRDA:114,28,1,0
BRDA:117,29,0,0
BRDA:117,29,1,0
BRDA:120,30,0,0
BRDA:120,30,1,0
BRDA:123,31,0,0
BRDA:123,31,1,0
BRDA:126,32,0,0
BRDA:126,32,1,0
BRDA:126,33,0,0
BRDA:126,33,1,0
BRDA:129,34,0,0
BRDA:129,34,1,0
BRDA:129,35,0,0
BRDA:129,35,1,0
BRDA:152,36,0,0
BRDA:152,36,1,0
BRDA:155,37,0,0
BRDA:155,37,1,0
BRDA:158,38,0,0
BRDA:158,38,1,0
BRDA:161,39,0,0
BRDA:161,39,1,0
BRDA:167,40,0,0
BRDA:167,40,1,0
BRDA:167,41,0,0
BRDA:167,41,1,0
BRDA:192,42,0,0
BRDA:192,42,1,0
BRDA:195,43,0,0
BRDA:195,43,1,0
BRDA:198,44,0,0
BRDA:198,44,1,0
BRDA:198,45,0,0
BRDA:198,45,1,0
BRDA:201,46,0,0
BRDA:201,46,1,0
BRDA:201,47,0,0
BRDA:201,47,1,0
BRDA:204,48,0,0
BRDA:204,48,1,0
BRDA:204,49,0,0
BRDA:204,49,1,0
BRDA:207,50,0,0
BRDA:207,50,1,0
BRDA:207,51,0,0
BRDA:207,51,1,0
BRDA:210,52,0,0
BRDA:210,52,1,0
BRDA:210,53,0,0
BRDA:210,53,1,0
BRDA:211,54,0,0
BRDA:211,54,1,0
BRDA:239,55,0,0
BRDA:239,55,1,0
BRDA:242,56,0,0
BRDA:242,56,1,0
BRDA:245,57,0,0
BRDA:245,57,1,0
BRDA:251,58,0,0
BRDA:251,58,1,0
BRDA:254,59,0,0
BRDA:254,59,1,0
BRDA:257,60,0,0
BRDA:257,60,1,0
BRDA:267,61,0,0
BRDA:267,61,1,0
BRDA:269,62,0,0
BRDA:269,62,1,0
BRDA:271,63,0,0
BRDA:271,63,1,0
BRDA:271,64,0,0
BRDA:271,64,1,0
BRDA:281,65,0,0
BRDA:281,65,1,0
BRDA:281,66,0,0
BRDA:281,66,1,0
BRDA:284,67,0,0
BRDA:284,67,1,0
BRDA:284,68,0,0
BRDA:284,68,1,0
BRDA:284,68,2,0
BRDA:289,69,0,0
BRDA:289,69,1,0
BRDA:292,70,0,0
BRDA:292,70,1,0
BRDA:296,71,0,0
BRDA:296,71,1,0
BRDA:299,72,0,0
BRDA:299,72,1,0
BRDA:299,73,0,0
BRDA:299,73,1,0
BRDA:299,73,2,0
BRDA:307,74,0,0
BRDA:307,74,1,0
BRDA:370,75,0,0
BRDA:370,75,1,0
BRDA:382,76,0,0
BRDA:382,76,1,0
BRDA:389,77,0,0
BRDA:389,77,1,0
BRDA:395,78,0,0
BRDA:395,78,1,0
BRDA:413,79,0,0
BRDA:413,79,1,0
BRDA:426,80,0,0
BRDA:426,80,1,0
BRDA:429,81,0,0
BRDA:429,81,1,0
BRDA:441,82,0,0
BRDA:441,82,1,0
BRDA:444,83,0,0
BRDA:444,83,1,0
BRDA:456,84,0,0
BRDA:456,84,1,0
BRDA:456,85,0,0
BRDA:456,85,1,0
BRDA:492,86,0,0
BRDA:503,87,0,0
BRDA:503,87,1,0
BRDA:515,88,0,0
BRDA:515,88,1,0
BRDA:519,89,0,0
BRDA:519,89,1,0
BRDA:532,90,0,0
BRDA:546,91,0,0
BRDA:546,91,1,0
BRDA:558,92,0,0
BRDA:558,92,1,0
BRF:191
BRH:0
end_of_record
TN:
SF:src\main\config\constants.ts
FNF:0
FNH:0
DA:2,0
DA:3,0
DA:4,0
LF:3
LH:0
BRF:0
BRH:0
end_of_record
TN:
SF:src\main\db\database.ts
FN:2,(anonymous_0)
FN:13,(anonymous_1)
FN:16,(anonymous_2)
FN:51,(anonymous_3)
FN:83,(anonymous_4)
FN:97,(anonymous_5)
FN:137,(anonymous_6)
FN:158,(anonymous_7)
FN:159,(anonymous_8)
FN:160,(anonymous_9)
FN:188,(anonymous_10)
FN:190,(anonymous_11)
FN:226,(anonymous_12)
FN:231,(anonymous_13)
FN:249,(anonymous_14)
FN:251,(anonymous_15)
FN:253,(anonymous_16)
FN:255,(anonymous_17)
FN:257,(anonymous_18)
FN:259,(anonymous_19)
FN:261,(anonymous_20)
FN:263,(anonymous_21)
FN:265,(anonymous_22)
FN:267,(anonymous_23)
FN:269,(anonymous_24)
FN:271,(anonymous_25)
FN:273,(anonymous_26)
FN:283,(anonymous_27)
FN:303,(anonymous_28)
FN:305,(anonymous_29)
FN:307,(anonymous_30)
FN:318,(anonymous_31)
FN:319,(anonymous_32)
FN:332,(anonymous_33)
FN:334,(anonymous_34)
FN:336,(anonymous_35)
FN:338,(anonymous_36)
FN:340,(anonymous_37)
FN:342,(anonymous_38)
FN:376,(anonymous_39)
FN:378,(anonymous_40)
FN:397,(anonymous_41)
FN:449,(anonymous_42)
FN:451,(anonymous_43)
FN:537,(anonymous_44)
FN:540,(anonymous_45)
FN:561,(anonymous_46)
FN:582,(anonymous_47)
FN:603,(anonymous_48)
FNF:49
FNH:0
FNDA:0,(anonymous_0)
FNDA:0,(anonymous_1)
FNDA:0,(anonymous_2)
FNDA:0,(anonymous_3)
FNDA:0,(anonymous_4)
FNDA:0,(anonymous_5)
FNDA:0,(anonymous_6)
FNDA:0,(anonymous_7)
FNDA:0,(anonymous_8)
FNDA:0,(anonymous_9)
FNDA:0,(anonymous_10)
FNDA:0,(anonymous_11)
FNDA:0,(anonymous_12)
FNDA:0,(anonymous_13)
FNDA:0,(anonymous_14)
FNDA:0,(anonymous_15)
FNDA:0,(anonymous_16)
FNDA:0,(anonymous_17)
FNDA:0,(anonymous_18)
FNDA:0,(anonymous_19)
FNDA:0,(anonymous_20)
FNDA:0,(anonymous_21)
FNDA:0,(anonymous_22)
FNDA:0,(anonymous_23)
FNDA:0,(anonymous_24)
FNDA:0,(anonymous_25)
FNDA:0,(anonymous_26)
FNDA:0,(anonymous_27)
FNDA:0,(anonymous_28)
FNDA:0,(anonymous_29)
FNDA:0,(anonymous_30)
FNDA:0,(anonymous_31)
FNDA:0,(anonymous_32)
FNDA:0,(anonymous_33)
FNDA:0,(anonymous_34)
FNDA:0,(anonymous_35)
FNDA:0,(anonymous_36)
FNDA:0,(anonymous_37)
FNDA:0,(anonymous_38)
FNDA:0,(anonymous_39)
FNDA:0,(anonymous_40)
FNDA:0,(anonymous_41)
FNDA:0,(anonymous_42)
FNDA:0,(anonymous_43)
FNDA:0,(anonymous_44)
FNDA:0,(anonymous_45)
FNDA:0,(anonymous_46)
FNDA:0,(anonymous_47)
FNDA:0,(anonymous_48)
DA:2,0
DA:3,0
DA:5,0
DA:6,0
DA:7,0
DA:8,0
DA:9,0
DA:10,0
DA:14,0
DA:17,0
DA:24,0
DA:25,0
DA:26,0
DA:27,0
DA:28,0
DA:29,0
DA:30,0
DA:31,0
DA:32,0
DA:36,0
DA:37,0
DA:38,0
DA:39,0
DA:40,0
DA:41,0
DA:42,0
DA:43,0
DA:44,0
DA:46,0
DA:47,0
DA:48,0
DA:52,0
DA:55,0
DA:56,0
DA:57,0
DA:58,0
DA:59,0
DA:60,0
DA:62,0
DA:63,0
DA:71,0
DA:73,0
DA:74,0
DA:75,0
DA:76,0
DA:79,0
DA:84,0
DA:85,0
DA:88,0
DA:89,0
DA:90,0
DA:94,0
DA:98,0
DA:100,0
DA:113,0
DA:114,0
DA:115,0
DA:116,0
DA:119,0
DA:120,0
DA:121,0
DA:123,0
DA:127,0
DA:128,0
DA:129,0
DA:133,0
DA:134,0
DA:136,0
DA:137,0
DA:139,0
DA:140,0
DA:143,0
DA:144,0
DA:145,0
DA:149,0
DA:151,0
DA:152,0
DA:155,0
DA:156,0
DA:158,0
DA:159,0
DA:160,0
DA:161,0
DA:162,0
DA:163,0
DA:164,0
DA:168,0
DA:169,0
DA:174,0
DA:175,0
DA:179,0
DA:180,0
DA:184,0
DA:185,0
DA:189,0
DA:190,0
DA:192,0
DA:198,0
DA:203,0
DA:209,0
DA:214,0
DA:219,0
DA:222,0
DA:223,0
DA:227,0
DA:228,0
DA:229,0
DA:232,0
DA:234,0
DA:237,0
DA:240,0
DA:241,0
DA:242,0
DA:245,0
DA:248,0
DA:249,0
DA:250,0
DA:251,0
DA:252,0
DA:253,0
DA:254,0
DA:255,0
DA:256,0
DA:257,0
DA:258,0
DA:259,0
DA:260,0
DA:261,0
DA:262,0
DA:263,0
DA:264,0
DA:265,0
DA:266,0
DA:267,0
DA:268,0
DA:269,0
DA:270,0
DA:271,0
DA:272,0
DA:273,0
DA:274,0
DA:275,0
DA:276,0
DA:279,0
DA:282,0
DA:283,0
DA:284,0
DA:286,0
DA:299,0
DA:302,0
DA:303,0
DA:304,0
DA:305,0
DA:306,0
DA:307,0
DA:308,0
DA:310,0
DA:313,0
DA:316,0
DA:317,0
DA:318,0
DA:319,0
DA:320,0
DA:321,0
DA:322,0
DA:323,0
DA:326,0
DA:332,0
DA:333,0
DA:334,0
DA:335,0
DA:336,0
DA:337,0
DA:338,0
DA:339,0
DA:340,0
DA:341,0
DA:342,0
DA:343,0
DA:345,0
DA:364,0
DA:371,0
DA:374,0
DA:375,0
DA:376,0
DA:377,0
DA:378,0
DA:379,0
DA:381,0
DA:389,0
DA:392,0
DA:395,0
DA:396,0
DA:397,0
DA:398,0
DA:415,0
DA:423,0
DA:433,0
DA:439,0
DA:443,0
DA:446,0
DA:447,0
DA:449,0
DA:450,0
DA:451,0
DA:453,0
DA:454,0
DA:472,0
DA:479,0
DA:489,0
DA:495,0
DA:496,0
DA:501,0
DA:533,0
DA:534,0
DA:538,0
DA:542,0
DA:543,0
DA:546,0
DA:547,0
DA:555,0
DA:556,0
DA:559,0
DA:563,0
DA:564,0
DA:567,0
DA:568,0
DA:576,0
DA:577,0
DA:580,0
DA:584,0
DA:585,0
DA:588,0
DA:589,0
DA:597,0
DA:598,0
DA:601,0
DA:604,0
DA:605,0
DA:608,0
DA:609,0
DA:613,0
LF:242
LH:0
BRDA:2,0,0,0
BRDA:2,0,1,0
BRDA:2,0,2,0
BRDA:3,1,0,0
BRDA:3,1,1,0
BRDA:3,2,0,0
BRDA:3,2,1,0
BRDA:27,3,0,0
BRDA:27,3,1,0
BRDA:28,4,0,0
BRDA:28,4,1,0
BRDA:31,5,0,0
BRDA:31,5,1,0
BRDA:38,6,0,0
BRDA:38,6,1,0
BRDA:39,7,0,0
BRDA:39,7,1,0
BRDA:52,8,0,0
BRDA:52,8,1,0
BRDA:74,9,0,0
BRDA:74,9,1,0
BRDA:74,10,0,0
BRDA:74,10,1,0
BRDA:75,11,0,0
BRDA:75,11,1,0
BRDA:119,12,0,0
BRDA:119,12,1,0
BRDA:123,13,0,0
BRDA:123,13,1,0
BRDA:123,14,0,0
BRDA:123,14,1,0
BRDA:123,14,2,0
BRDA:123,14,3,0
BRDA:133,15,0,0
BRDA:133,15,1,0
BRDA:143,16,0,0
BRDA:143,16,1,0
BRDA:155,17,0,0
BRDA:155,17,1,0
BRDA:161,18,0,0
BRDA:161,18,1,0
BRDA:168,19,0,0
BRDA:168,19,1,0
BRDA:184,20,0,0
BRDA:184,20,1,0
BRDA:222,21,0,0
BRDA:222,21,1,0
BRDA:240,22,0,0
BRDA:240,22,1,0
BRDA:240,23,0,0
BRDA:240,23,1,0
BRDA:245,24,0,0
BRDA:245,24,1,0
BRDA:249,25,0,0
BRDA:249,25,1,0
BRDA:251,26,0,0
BRDA:251,26,1,0
BRDA:253,27,0,0
BRDA:253,27,1,0
BRDA:255,28,0,0
BRDA:255,28,1,0
BRDA:257,29,0,0
BRDA:257,29,1,0
BRDA:259,30,0,0
BRDA:259,30,1,0
BRDA:261,31,0,0
BRDA:261,31,1,0
BRDA:263,32,0,0
BRDA:263,32,1,0
BRDA:265,33,0,0
BRDA:265,33,1,0
BRDA:267,34,0,0
BRDA:267,34,1,0
BRDA:269,35,0,0
BRDA:269,35,1,0
BRDA:271,36,0,0
BRDA:271,36,1,0
BRDA:273,37,0,0
BRDA:273,37,1,0
BRDA:279,38,0,0
BRDA:279,38,1,0
BRDA:283,39,0,0
BRDA:283,39,1,0
BRDA:299,40,0,0
BRDA:299,40,1,0
BRDA:303,41,0,0
BRDA:303,41,1,0
BRDA:305,42,0,0
BRDA:305,42,1,0
BRDA:307,43,0,0
BRDA:307,43,1,0
BRDA:316,44,0,0
BRDA:316,44,1,0
BRDA:320,45,0,0
BRDA:320,45,1,0
BRDA:320,46,0,0
BRDA:320,46,1,0
BRDA:332,47,0,0
BRDA:332,47,1,0
BRDA:334,48,0,0
BRDA:334,48,1,0
BRDA:336,49,0,0
BRDA:336,49,1,0
BRDA:338,50,0,0
BRDA:338,50,1,0
BRDA:340,51,0,0
BRDA:340,51,1,0
BRDA:342,52,0,0
BRDA:342,52,1,0
BRDA:374,53,0,0
BRDA:374,53,1,0
BRDA:376,54,0,0
BRDA:376,54,1,0
BRDA:378,55,0,0
BRDA:378,55,1,0
BRDA:395,56,0,0
BRDA:395,56,1,0
BRDA:395,57,0,0
BRDA:395,57,1,0
BRDA:446,58,0,0
BRDA:446,58,1,0
BRDA:449,59,0,0
BRDA:449,59,1,0
BRDA:533,60,0,0
BRDA:533,60,1,0
BRDA:540,61,0,0
BRDA:542,62,0,0
BRDA:542,62,1,0
BRDA:542,63,0,0
BRDA:542,63,1,0
BRDA:547,64,0,0
BRDA:547,64,1,0
BRDA:547,65,0,0
BRDA:547,65,1,0
BRDA:547,65,2,0
BRDA:547,65,3,0
BRDA:547,65,4,0
BRDA:547,65,5,0
BRDA:547,65,6,0
BRDA:555,66,0,0
BRDA:555,66,1,0
BRDA:555,67,0,0
BRDA:555,67,1,0
BRDA:561,68,0,0
BRDA:563,69,0,0
BRDA:563,69,1,0
BRDA:563,70,0,0
BRDA:563,70,1,0
BRDA:568,71,0,0
BRDA:568,71,1,0
BRDA:568,72,0,0
BRDA:568,72,1,0
BRDA:568,72,2,0
BRDA:568,72,3,0
BRDA:568,72,4,0
BRDA:568,72,5,0
BRDA:568,72,6,0
BRDA:576,73,0,0
BRDA:576,73,1,0
BRDA:576,74,0,0
BRDA:576,74,1,0
BRDA:582,75,0,0
BRDA:584,76,0,0
BRDA:584,76,1,0
BRDA:584,77,0,0
BRDA:584,77,1,0
BRDA:589,78,0,0
BRDA:589,78,1,0
BRDA:589,79,0,0
BRDA:589,79,1,0
BRDA:589,79,2,0
BRDA:589,79,3,0
BRDA:589,79,4,0
BRDA:589,79,5,0
BRDA:589,79,6,0
BRDA:597,80,0,0
BRDA:597,80,1,0
BRDA:597,81,0,0
BRDA:597,81,1,0
BRDA:608,82,0,0
BRDA:608,82,1,0
BRF:181
BRH:0
end_of_record
TN:
SF:src\main\db\schema.ts
FNF:0
FNH:0
DA:2,0
DA:3,0
DA:4,0
LF:3
LH:0
BRF:0
BRH:0
end_of_record
TN:
SF:src\main\services\BackupService.ts
FN:5,(anonymous_0)
FN:26,(anonymous_1)
FN:38,(anonymous_2)
FN:86,(anonymous_3)
FN:122,(anonymous_4)
FN:126,(anonymous_5)
FN:127,(anonymous_6)
FN:146,(anonymous_7)
FN:156,(anonymous_8)
FN:188,(anonymous_9)
FN:195,(anonymous_10)
FN:197,(anonymous_11)
FN:198,(anonymous_12)
FN:204,(anonymous_13)
FN:213,(anonymous_14)
FN:219,(anonymous_15)
FNF:16
FNH:0
FNDA:0,(anonymous_0)
FNDA:0,(anonymous_1)
FNDA:0,(anonymous_2)
FNDA:0,(anonymous_3)
FNDA:0,(anonymous_4)
FNDA:0,(anonymous_5)
FNDA:0,(anonymous_6)
FNDA:0,(anonymous_7)
FNDA:0,(anonymous_8)
FNDA:0,(anonymous_9)
FNDA:0,(anonymous_10)
FNDA:0,(anonymous_11)
FNDA:0,(anonymous_12)
FNDA:0,(anonymous_13)
FNDA:0,(anonymous_14)
FNDA:0,(anonymous_15)
DA:5,0
DA:6,0
DA:8,0
DA:9,0
DA:10,0
DA:11,0
DA:12,0
DA:13,0
DA:15,0
DA:16,0
DA:19,0
DA:25,0
DA:27,0
DA:28,0
DA:29,0
DA:31,0
DA:32,0
DA:39,0
DA:40,0
DA:42,0
DA:43,0
DA:48,0
DA:49,0
DA:50,0
DA:51,0
DA:53,0
DA:54,0
DA:55,0
DA:58,0
DA:59,0
DA:65,0
DA:67,0
DA:68,0
DA:76,0
DA:77,0
DA:87,0
DA:89,0
DA:90,0
DA:93,0
DA:94,0
DA:95,0
DA:99,0
DA:100,0
DA:101,0
DA:104,0
DA:112,0
DA:113,0
DA:123,0
DA:124,0
DA:125,0
DA:126,0
DA:128,0
DA:129,0
DA:130,0
DA:131,0
DA:132,0
DA:133,0
DA:134,0
DA:137,0
DA:139,0
DA:146,0
DA:149,0
DA:150,0
DA:157,0
DA:158,0
DA:160,0
DA:161,0
DA:162,0
DA:163,0
DA:164,0
DA:165,0
DA:170,0
DA:171,0
DA:172,0
DA:173,0
DA:174,0
DA:175,0
DA:176,0
DA:182,0
DA:189,0
DA:190,0
DA:192,0
DA:193,0
DA:195,0
DA:197,0
DA:198,0
DA:205,0
DA:206,0
DA:207,0
DA:214,0
DA:220,0
DA:223,0
LF:92
LH:0
BRDA:5,0,0,0
BRDA:5,0,1,0
BRDA:5,0,2,0
BRDA:6,1,0,0
BRDA:6,1,1,0
BRDA:6,2,0,0
BRDA:6,2,1,0
BRDA:16,3,0,0
BRDA:16,3,1,0
BRDA:31,4,0,0
BRDA:31,4,1,0
BRDA:42,5,0,0
BRDA:42,5,1,0
BRDA:54,6,0,0
BRDA:54,6,1,0
BRDA:76,7,0,0
BRDA:76,7,1,0
BRDA:89,8,0,0
BRDA:89,8,1,0
BRDA:94,9,0,0
BRDA:94,9,1,0
BRDA:100,10,0,0
BRDA:100,10,1,0
BRDA:112,11,0,0
BRDA:112,11,1,0
BRDA:160,12,0,0
BRDA:160,12,1,0
BRDA:164,13,0,0
BRDA:164,13,1,0
BRDA:172,14,0,0
BRDA:172,14,1,0
BRDA:175,15,0,0
BRDA:175,15,1,0
BRDA:188,16,0,0
BRDA:189,17,0,0
BRDA:189,17,1,0
BRDA:205,18,0,0
BRDA:205,18,1,0
BRF:38
BRH:0
end_of_record
TN:
SF:src\main\services\BasePDFGenerator.ts
FN:30,(anonymous_0)
FN:36,(anonymous_1)
FN:45,(anonymous_2)
FN:58,(anonymous_3)
FN:68,(anonymous_4)
FN:95,(anonymous_5)
FN:119,(anonymous_6)
FN:132,(anonymous_7)
FN:143,(anonymous_8)
FN:155,(anonymous_9)
FN:178,(anonymous_10)
FN:179,(anonymous_11)
FN:188,(anonymous_12)
FN:202,(anonymous_13)
FN:214,(anonymous_14)
FN:235,(anonymous_15)
FN:251,(anonymous_16)
FN:257,(anonymous_17)
FNF:18
FNH:0
FNDA:0,(anonymous_0)
FNDA:0,(anonymous_1)
FNDA:0,(anonymous_2)
FNDA:0,(anonymous_3)
FNDA:0,(anonymous_4)
FNDA:0,(anonymous_5)
FNDA:0,(anonymous_6)
FNDA:0,(anonymous_7)
FNDA:0,(anonymous_8)
FNDA:0,(anonymous_9)
FNDA:0,(anonymous_10)
FNDA:0,(anonymous_11)
FNDA:0,(anonymous_12)
FNDA:0,(anonymous_13)
FNDA:0,(anonymous_14)
FNDA:0,(anonymous_15)
FNDA:0,(anonymous_16)
FNDA:0,(anonymous_17)
DA:2,0
DA:3,0
DA:4,0
DA:5,0
DA:10,0
DA:23,0
DA:24,0
DA:25,0
DA:27,0
DA:28,0
DA:29,0
DA:31,0
DA:37,0
DA:38,0
DA:39,0
DA:40,0
DA:46,0
DA:47,0
DA:59,0
DA:69,0
DA:71,0
DA:72,0
DA:80,0
DA:81,0
DA:82,0
DA:90,0
DA:96,0
DA:98,0
DA:106,0
DA:107,0
DA:114,0
DA:120,0
DA:121,0
DA:122,0
DA:124,0
DA:132,0
DA:133,0
DA:141,0
DA:143,0
DA:145,0
DA:146,0
DA:155,0
DA:156,0
DA:164,0
DA:167,0
DA:173,0
DA:179,0
DA:180,0
DA:188,0
DA:189,0
DA:197,0
DA:203,0
DA:209,0
DA:215,0
DA:217,0
DA:224,0
DA:236,0
DA:237,0
DA:238,0
DA:239,0
DA:240,0
DA:241,0
DA:242,0
DA:244,0
DA:245,0
DA:246,0
DA:252,0
DA:258,0
DA:259,0
DA:266,0
LF:70
LH:0
BRDA:80,0,0,0
BRDA:80,0,1,0
BRDA:145,1,0,0
BRDA:145,1,1,0
BRDA:240,2,0,0
BRDA:240,2,1,0
BRDA:241,3,0,0
BRDA:241,3,1,0
BRDA:258,4,0,0
BRDA:258,4,1,0
BRF:10
BRH:0
end_of_record
TN:
SF:src\main\services\BatchOperationsService.ts
FN:15,(anonymous_0)
FN:19,(anonymous_1)
FN:39,(anonymous_2)
FN:43,(anonymous_3)
FN:62,(anonymous_4)
FN:64,(anonymous_5)
FNF:6
FNH:0
FNDA:0,(anonymous_0)
FNDA:0,(anonymous_1)
FNDA:0,(anonymous_2)
FNDA:0,(anonymous_3)
FNDA:0,(anonymous_4)
FNDA:0,(anonymous_5)
DA:6,0
DA:7,0
DA:8,0
DA:9,0
DA:16,0
DA:17,0
DA:18,0
DA:19,0
DA:20,0
DA:21,0
DA:22,0
DA:23,0
DA:24,0
DA:27,0
DA:28,0
DA:29,0
DA:33,0
DA:40,0
DA:41,0
DA:42,0
DA:43,0
DA:44,0
DA:45,0
DA:46,0
DA:47,0
DA:48,0
DA:51,0
DA:52,0
DA:53,0
DA:56,0
DA:63,0
DA:64,0
DA:65,0
DA:66,0
DA:67,0
DA:81,0
DA:84,0
DA:88,0
DA:95,0
LF:39
LH:0
BRDA:27,0,0,0
BRDA:27,0,1,0
BRDA:51,1,0,0
BRDA:51,1,1,0
BRDA:75,2,0,0
BRDA:75,2,1,0
BRDA:76,3,0,0
BRDA:76,3,1,0
BRDA:77,4,0,0
BRDA:77,4,1,0
BRDA:78,5,0,0
BRDA:78,5,1,0
BRDA:79,6,0,0
BRDA:79,6,1,0
BRF:14
BRH:0
end_of_record
TN:
SF:src\main\services\DetailedMaintenanceLetterService.ts
FN:2,(anonymous_0)
FN:14,(anonymous_1)
FN:21,(anonymous_2)
FN:27,(anonymous_3)
FN:55,(anonymous_4)
FN:77,(anonymous_5)
FN:94,(anonymous_6)
FN:124,(anonymous_7)
FN:156,(anonymous_8)
FN:157,(anonymous_9)
FN:181,(anonymous_10)
FNF:11
FNH:0
FNDA:0,(anonymous_0)
FNDA:0,(anonymous_1)
FNDA:0,(anonymous_2)
FNDA:0,(anonymous_3)
FNDA:0,(anonymous_4)
FNDA:0,(anonymous_5)
FNDA:0,(anonymous_6)
FNDA:0,(anonymous_7)
FNDA:0,(anonymous_8)
FNDA:0,(anonymous_9)
FNDA:0,(anonymous_10)
DA:2,0
DA:3,0
DA:5,0
DA:6,0
DA:7,0
DA:8,0
DA:9,0
DA:10,0
DA:11,0
DA:12,0
DA:15,0
DA:19,0
DA:23,0
DA:27,0
DA:28,0
DA:29,0
DA:31,0
DA:34,0
DA:36,0
DA:39,0
DA:40,0
DA:41,0
DA:42,0
DA:43,0
DA:44,0
DA:53,0
DA:57,0
DA:59,0
DA:61,0
DA:63,0
DA:66,0
DA:68,0
DA:69,0
DA:70,0
DA:78,0
DA:81,0
DA:87,0
DA:95,0
DA:98,0
DA:99,0
DA:102,0
DA:103,0
DA:114,0
DA:125,0
DA:126,0
DA:127,0
DA:129,0
DA:131,0
DA:132,0
DA:137,0
DA:138,0
DA:143,0
DA:144,0
DA:149,0
DA:150,0
DA:156,0
DA:157,0
DA:158,0
DA:160,0
DA:161,0
DA:162,0
DA:163,0
DA:164,0
DA:165,0
DA:182,0
DA:183,0
DA:184,0
DA:185,0
DA:186,0
DA:187,0
DA:188,0
DA:190,0
DA:191,0
DA:192,0
DA:194,0
DA:195,0
DA:196,0
DA:197,0
DA:200,0
DA:208,0
DA:209,0
DA:219,0
DA:228,0
DA:235,0
DA:243,0
DA:244,0
DA:245,0
DA:246,0
DA:252,0
DA:259,0
DA:266,0
DA:267,0
DA:268,0
DA:270,0
DA:278,0
DA:285,0
DA:292,0
DA:299,0
DA:306,0
DA:313,0
DA:320,0
DA:327,0
DA:334,0
DA:336,0
DA:341,0
DA:342,0
DA:343,0
DA:349,0
DA:355,0
DA:361,0
DA:367,0
DA:373,0
DA:374,0
DA:380,0
DA:388,0
DA:389,0
DA:390,0
DA:391,0
DA:392,0
DA:393,0
DA:394,0
DA:395,0
DA:396,0
DA:397,0
DA:400,0
DA:401,0
DA:405,0
DA:406,0
DA:412,0
DA:418,0
DA:419,0
DA:425,0
DA:432,0
DA:433,0
DA:434,0
DA:435,0
DA:441,0
DA:442,0
DA:448,0
DA:449,0
DA:455,0
DA:456,0
DA:462,0
DA:463,0
DA:469,0
DA:470,0
DA:471,0
DA:479,0
DA:482,0
DA:483,0
DA:484,0
DA:485,0
DA:486,0
DA:487,0
DA:490,0
DA:496,0
DA:504,0
DA:507,0
DA:508,0
DA:509,0
DA:510,0
DA:511,0
DA:512,0
DA:513,0
DA:514,0
DA:515,0
DA:518,0
LF:167
LH:0
BRDA:2,0,0,0
BRDA:2,0,1,0
BRDA:2,0,2,0
BRDA:3,1,0,0
BRDA:3,1,1,0
BRDA:3,2,0,0
BRDA:3,2,1,0
BRDA:19,3,0,0
BRDA:19,3,1,0
BRDA:34,4,0,0
BRDA:34,4,1,0
BRDA:36,5,0,0
BRDA:36,5,1,0
BRDA:40,6,0,0
BRDA:40,6,1,0
BRDA:59,7,0,0
BRDA:59,7,1,0
BRDA:66,8,0,0
BRDA:66,8,1,0
BRDA:88,9,0,0
BRDA:88,9,1,0
BRDA:89,10,0,0
BRDA:89,10,1,0
BRDA:90,11,0,0
BRDA:90,11,1,0
BRDA:91,12,0,0
BRDA:91,12,1,0
BRDA:98,13,0,0
BRDA:98,13,1,0
BRDA:102,14,0,0
BRDA:102,14,1,0
BRDA:104,15,0,0
BRDA:104,15,1,0
BRDA:104,15,2,0
BRDA:105,16,0,0
BRDA:105,16,1,0
BRDA:105,16,2,0
BRDA:106,17,0,0
BRDA:106,17,1,0
BRDA:106,17,2,0
BRDA:107,18,0,0
BRDA:107,18,1,0
BRDA:107,18,2,0
BRDA:108,19,0,0
BRDA:108,19,1,0
BRDA:108,19,2,0
BRDA:109,20,0,0
BRDA:109,20,1,0
BRDA:109,20,2,0
BRDA:110,21,0,0
BRDA:110,21,1,0
BRDA:110,21,2,0
BRDA:115,22,0,0
BRDA:115,22,1,0
BRDA:116,23,0,0
BRDA:116,23,1,0
BRDA:117,24,0,0
BRDA:117,24,1,0
BRDA:118,25,0,0
BRDA:118,25,1,0
BRDA:119,26,0,0
BRDA:119,26,1,0
BRDA:120,27,0,0
BRDA:120,27,1,0
BRDA:121,28,0,0
BRDA:121,28,1,0
BRDA:131,29,0,0
BRDA:131,29,1,0
BRDA:137,30,0,0
BRDA:137,30,1,0
BRDA:143,31,0,0
BRDA:143,31,1,0
BRDA:149,32,0,0
BRDA:149,32,1,0
BRDA:190,33,0,0
BRDA:190,33,1,0
BRDA:192,34,0,0
BRDA:192,34,1,0
BRDA:192,34,2,0
BRDA:192,34,3,0
BRDA:194,35,0,0
BRDA:194,35,1,0
BRDA:197,36,0,0
BRDA:197,36,1,0
BRDA:228,37,0,0
BRDA:228,37,1,0
BRDA:469,38,0,0
BRDA:469,38,1,0
BRDA:479,39,0,0
BRDA:479,39,1,0
BRDA:483,40,0,0
BRDA:483,40,1,0
BRDA:483,40,2,0
BRDA:484,41,0,0
BRDA:484,41,1,0
BRDA:484,42,0,0
BRDA:484,42,1,0
BRDA:484,42,2,0
BRDA:487,43,0,0
BRDA:487,43,1,0
BRDA:509,44,0,0
BRDA:509,44,1,0
BRDA:511,45,0,0
BRDA:511,45,1,0
BRF:104
BRH:0
end_of_record
TN:
SF:src\main\services\DryRunService.ts
FN:12,(anonymous_0)
FN:17,(anonymous_1)
FN:46,(anonymous_2)
FN:53,(anonymous_3)
FN:60,(anonymous_4)
FN:82,(anonymous_5)
FN:93,(anonymous_6)
FN:99,(anonymous_7)
FN:106,(anonymous_8)
FN:121,(anonymous_9)
FN:133,(anonymous_10)
FN:137,(anonymous_11)
FNF:12
FNH:0
FNDA:0,(anonymous_0)
FNDA:0,(anonymous_1)
FNDA:0,(anonymous_2)
FNDA:0,(anonymous_3)
FNDA:0,(anonymous_4)
FNDA:0,(anonymous_5)
FNDA:0,(anonymous_6)
FNDA:0,(anonymous_7)
FNDA:0,(anonymous_8)
FNDA:0,(anonymous_9)
FNDA:0,(anonymous_10)
FNDA:0,(anonymous_11)
DA:5,0
DA:6,0
DA:7,0
DA:13,0
DA:14,0
DA:15,0
DA:16,0
DA:17,0
DA:18,0
DA:19,0
DA:20,0
DA:21,0
DA:26,0
DA:28,0
DA:29,0
DA:35,0
DA:36,0
DA:42,0
DA:43,0
DA:45,0
DA:46,0
DA:53,0
DA:61,0
DA:63,0
DA:64,0
DA:65,0
DA:72,0
DA:73,0
DA:74,0
DA:81,0
DA:82,0
DA:83,0
DA:88,0
DA:89,0
DA:90,0
DA:92,0
DA:93,0
DA:99,0
DA:107,0
DA:109,0
DA:113,0
DA:114,0
DA:121,0
DA:122,0
DA:124,0
DA:125,0
DA:132,0
DA:133,0
DA:137,0
DA:142,0
LF:50
LH:0
BRDA:19,0,0,0
BRDA:19,0,1,0
BRDA:20,1,0,0
BRDA:20,1,1,0
BRDA:28,2,0,0
BRDA:28,2,1,0
BRDA:35,3,0,0
BRDA:35,3,1,0
BRDA:64,4,0,0
BRDA:64,4,1,0
BRDA:73,5,0,0
BRDA:73,5,1,0
BRDA:82,6,0,0
BRDA:82,6,1,0
BRDA:83,7,0,0
BRDA:83,7,1,0
BRDA:88,8,0,0
BRDA:88,8,1,0
BRDA:90,9,0,0
BRDA:90,9,1,0
BRDA:113,10,0,0
BRDA:113,10,1,0
BRDA:121,11,0,0
BRDA:121,11,1,0
BRDA:124,12,0,0
BRDA:124,12,1,0
BRDA:124,13,0,0
BRDA:124,13,1,0
BRF:28
BRH:0
end_of_record
TN:
SF:src\main\services\EnhancedPDFGenerator.ts
FN:34,(anonymous_0)
FN:40,(anonymous_1)
FN:49,(anonymous_2)
FN:62,(anonymous_3)
FN:72,(anonymous_4)
FN:104,(anonymous_5)
FN:131,(anonymous_6)
FN:155,(anonymous_7)
FN:162,(anonymous_8)
FN:176,(anonymous_9)
FN:192,(anonymous_10)
FN:216,(anonymous_11)
FN:229,(anonymous_12)
FN:240,(anonymous_13)
FN:252,(anonymous_14)
FN:275,(anonymous_15)
FN:276,(anonymous_16)
FN:285,(anonymous_17)
FN:299,(anonymous_18)
FN:311,(anonymous_19)
FN:332,(anonymous_20)
FN:338,(anonymous_21)
FN:349,(anonymous_22)
FNF:23
FNH:0
FNDA:0,(anonymous_0)
FNDA:0,(anonymous_1)
FNDA:0,(anonymous_2)
FNDA:0,(anonymous_3)
FNDA:0,(anonymous_4)
FNDA:0,(anonymous_5)
FNDA:0,(anonymous_6)
FNDA:0,(anonymous_7)
FNDA:0,(anonymous_8)
FNDA:0,(anonymous_9)
FNDA:0,(anonymous_10)
FNDA:0,(anonymous_11)
FNDA:0,(anonymous_12)
FNDA:0,(anonymous_13)
FNDA:0,(anonymous_14)
FNDA:0,(anonymous_15)
FNDA:0,(anonymous_16)
FNDA:0,(anonymous_17)
FNDA:0,(anonymous_18)
FNDA:0,(anonymous_19)
FNDA:0,(anonymous_20)
FNDA:0,(anonymous_21)
FNDA:0,(anonymous_22)
DA:2,0
DA:3,0
DA:4,0
DA:5,0
DA:10,0
DA:14,0
DA:27,0
DA:28,0
DA:29,0
DA:31,0
DA:32,0
DA:33,0
DA:35,0
DA:41,0
DA:42,0
DA:43,0
DA:44,0
DA:50,0
DA:51,0
DA:63,0
DA:73,0
DA:74,0
DA:76,0
DA:83,0
DA:84,0
DA:91,0
DA:92,0
DA:99,0
DA:105,0
DA:107,0
DA:108,0
DA:116,0
DA:117,0
DA:118,0
DA:126,0
DA:132,0
DA:134,0
DA:142,0
DA:143,0
DA:150,0
DA:156,0
DA:162,0
DA:163,0
DA:171,0
DA:177,0
DA:184,0
DA:185,0
DA:192,0
DA:193,0
DA:201,0
DA:202,0
DA:203,0
DA:211,0
DA:217,0
DA:218,0
DA:219,0
DA:221,0
DA:229,0
DA:230,0
DA:238,0
DA:240,0
DA:242,0
DA:243,0
DA:252,0
DA:253,0
DA:261,0
DA:264,0
DA:270,0
DA:276,0
DA:277,0
DA:285,0
DA:286,0
DA:294,0
DA:300,0
DA:306,0
DA:312,0
DA:314,0
DA:321,0
DA:333,0
DA:339,0
DA:340,0
DA:350,0
DA:351,0
DA:352,0
DA:353,0
DA:354,0
DA:355,0
DA:356,0
DA:358,0
DA:359,0
DA:360,0
DA:363,0
LF:92
LH:0
BRDA:11,0,0,0
BRDA:11,0,1,0
BRDA:12,1,0,0
BRDA:12,1,1,0
BRDA:73,2,0,0
BRDA:73,2,1,0
BRDA:74,3,0,0
BRDA:74,3,1,0
BRDA:116,4,0,0
BRDA:116,4,1,0
BRDA:158,5,0,0
BRDA:158,5,1,0
BRDA:159,6,0,0
BRDA:159,6,1,0
BRDA:160,7,0,0
BRDA:160,7,1,0
BRDA:166,8,0,0
BRDA:166,8,1,0
BRDA:167,9,0,0
BRDA:167,9,1,0
BRDA:186,10,0,0
BRDA:186,10,1,0
BRDA:187,11,0,0
BRDA:187,11,1,0
BRDA:188,12,0,0
BRDA:188,12,1,0
BRDA:189,13,0,0
BRDA:189,13,1,0
BRDA:190,14,0,0
BRDA:190,14,1,0
BRDA:201,15,0,0
BRDA:201,15,1,0
BRDA:242,16,0,0
BRDA:242,16,1,0
BRDA:339,17,0,0
BRDA:339,17,1,0
BRDA:354,18,0,0
BRDA:354,18,1,0
BRDA:355,19,0,0
BRDA:355,19,1,0
BRF:40
BRH:0
end_of_record
TN:
SF:src\main\services\MaintenanceBillService.ts
FN:2,(anonymous_0)
FN:13,(anonymous_1)
FN:152,(anonymous_2)
FN:227,(anonymous_3)
FN:250,(anonymous_4)
FN:277,(anonymous_5)
FN:300,(anonymous_6)
FN:319,(anonymous_7)
FN:368,(anonymous_8)
FN:406,(anonymous_9)
FN:414,(anonymous_10)
FN:444,(anonymous_11)
FN:453,(anonymous_12)
FN:463,(anonymous_13)
FN:472,(anonymous_14)
FN:473,(anonymous_15)
FN:485,(anonymous_16)
FN:486,(anonymous_17)
FN:492,(anonymous_18)
FN:499,(anonymous_19)
FN:507,(anonymous_20)
FN:521,(anonymous_21)
FNF:22
FNH:0
FNDA:0,(anonymous_0)
FNDA:0,(anonymous_1)
FNDA:0,(anonymous_2)
FNDA:0,(anonymous_3)
FNDA:0,(anonymous_4)
FNDA:0,(anonymous_5)
FNDA:0,(anonymous_6)
FNDA:0,(anonymous_7)
FNDA:0,(anonymous_8)
FNDA:0,(anonymous_9)
FNDA:0,(anonymous_10)
FNDA:0,(anonymous_11)
FNDA:0,(anonymous_12)
FNDA:0,(anonymous_13)
FNDA:0,(anonymous_14)
FNDA:0,(anonymous_15)
FNDA:0,(anonymous_16)
FNDA:0,(anonymous_17)
FNDA:0,(anonymous_18)
FNDA:0,(anonymous_19)
FNDA:0,(anonymous_20)
FNDA:0,(anonymous_21)
DA:2,0
DA:3,0
DA:5,0
DA:6,0
DA:7,0
DA:8,0
DA:9,0
DA:10,0
DA:11,0
DA:14,0
DA:25,0
DA:26,0
DA:27,0
DA:28,0
DA:29,0
DA:30,0
DA:31,0
DA:33,0
DA:34,0
DA:35,0
DA:36,0
DA:37,0
DA:39,0
DA:40,0
DA:48,0
DA:49,0
DA:51,0
DA:55,0
DA:58,0
DA:65,0
DA:73,0
DA:74,0
DA:75,0
DA:76,0
DA:77,0
DA:83,0
DA:86,0
DA:90,0
DA:91,0
DA:92,0
DA:98,0
DA:106,0
DA:107,0
DA:108,0
DA:109,0
DA:110,0
DA:111,0
DA:112,0
DA:114,0
DA:121,0
DA:122,0
DA:123,0
DA:130,0
DA:138,0
DA:139,0
DA:140,0
DA:141,0
DA:142,0
DA:143,0
DA:144,0
DA:145,0
DA:146,0
DA:147,0
DA:148,0
DA:149,0
DA:150,0
DA:151,0
DA:152,0
DA:153,0
DA:154,0
DA:155,0
DA:158,0
DA:159,0
DA:160,0
DA:167,0
DA:168,0
DA:175,0
DA:176,0
DA:177,0
DA:178,0
DA:179,0
DA:187,0
DA:188,0
DA:194,0
DA:200,0
DA:201,0
DA:202,0
DA:203,0
DA:205,0
DA:212,0
DA:213,0
DA:214,0
DA:215,0
DA:218,0
DA:220,0
DA:221,0
DA:222,0
DA:223,0
DA:224,0
DA:225,0
DA:228,0
DA:235,0
DA:242,0
DA:252,0
DA:253,0
DA:265,0
DA:277,0
DA:278,0
DA:279,0
DA:280,0
DA:281,0
DA:282,0
DA:283,0
DA:284,0
DA:285,0
DA:286,0
DA:287,0
DA:290,0
DA:292,0
DA:293,0
DA:294,0
DA:295,0
DA:296,0
DA:298,0
DA:302,0
DA:304,0
DA:306,0
DA:307,0
DA:308,0
DA:310,0
DA:312,0
DA:313,0
DA:314,0
DA:315,0
DA:317,0
DA:318,0
DA:319,0
DA:321,0
DA:322,0
DA:331,0
DA:342,0
DA:343,0
DA:344,0
DA:345,0
DA:346,0
DA:347,0
DA:356,0
DA:358,0
DA:359,0
DA:360,0
DA:364,0
DA:365,0
DA:368,0
DA:369,0
DA:370,0
DA:372,0
DA:373,0
DA:375,0
DA:376,0
DA:383,0
DA:407,0
DA:408,0
DA:414,0
DA:415,0
DA:416,0
DA:417,0
DA:418,0
DA:419,0
DA:420,0
DA:421,0
DA:422,0
DA:426,0
DA:427,0
DA:428,0
DA:435,0
DA:445,0
DA:454,0
DA:464,0
DA:473,0
DA:474,0
DA:476,0
DA:477,0
DA:480,0
DA:481,0
DA:486,0
DA:487,0
DA:488,0
DA:493,0
DA:494,0
DA:495,0
DA:497,0
DA:498,0
DA:499,0
DA:502,0
DA:504,0
DA:507,0
DA:508,0
DA:509,0
DA:511,0
DA:512,0
DA:513,0
DA:514,0
DA:515,0
DA:518,0
DA:519,0
DA:520,0
DA:521,0
DA:522,0
DA:523,0
DA:524,0
DA:527,0
DA:528,0
DA:530,0
DA:531,0
DA:533,0
DA:534,0
DA:536,0
DA:537,0
DA:538,0
DA:540,0
DA:542,0
DA:543,0
DA:556,0
DA:559,0
DA:560,0
DA:561,0
DA:563,0
DA:568,0
DA:592,0
DA:593,0
DA:595,0
DA:597,0
DA:598,0
DA:599,0
DA:600,0
DA:601,0
DA:602,0
DA:603,0
DA:604,0
DA:611,0
DA:612,0
DA:629,0
DA:632,0
DA:633,0
DA:636,0
DA:639,0
DA:640,0
DA:641,0
DA:647,0
DA:649,0
DA:650,0
DA:651,0
DA:652,0
DA:658,0
DA:660,0
DA:661,0
DA:664,0
LF:257
LH:0
BRDA:2,0,0,0
BRDA:2,0,1,0
BRDA:2,0,2,0
BRDA:3,1,0,0
BRDA:3,1,1,0
BRDA:3,2,0,0
BRDA:3,2,1,0
BRDA:25,3,0,0
BRDA:25,3,1,0
BRDA:33,4,0,0
BRDA:33,4,1,0
BRDA:36,5,0,0
BRDA:36,5,1,0
BRDA:48,6,0,0
BRDA:48,6,1,0
BRDA:51,7,0,0
BRDA:51,7,1,0
BRDA:55,8,0,0
BRDA:55,8,1,0
BRDA:65,9,0,0
BRDA:65,9,1,0
BRDA:73,10,0,0
BRDA:73,10,1,0
BRDA:92,11,0,0
BRDA:92,11,1,0
BRDA:98,12,0,0
BRDA:98,12,1,0
BRDA:109,13,0,0
BRDA:109,13,1,0
BRDA:111,14,0,0
BRDA:111,14,1,0
BRDA:140,15,0,0
BRDA:140,15,1,0
BRDA:142,16,0,0
BRDA:142,16,1,0
BRDA:144,17,0,0
BRDA:144,17,1,0
BRDA:146,18,0,0
BRDA:146,18,1,0
BRDA:148,19,0,0
BRDA:148,19,1,0
BRDA:150,20,0,0
BRDA:150,20,1,0
BRDA:179,21,0,0
BRDA:179,21,1,0
BRDA:194,22,0,0
BRDA:194,22,1,0
BRDA:200,23,0,0
BRDA:200,23,1,0
BRDA:201,24,0,0
BRDA:201,24,1,0
BRDA:202,25,0,0
BRDA:202,25,1,0
BRDA:203,26,0,0
BRDA:203,26,1,0
BRDA:220,27,0,0
BRDA:220,27,1,0
BRDA:278,28,0,0
BRDA:278,28,1,0
BRDA:280,29,0,0
BRDA:280,29,1,0
BRDA:282,30,0,0
BRDA:282,30,1,0
BRDA:283,31,0,0
BRDA:283,31,1,0
BRDA:284,32,0,0
BRDA:284,32,1,0
BRDA:285,33,0,0
BRDA:285,33,1,0
BRDA:286,34,0,0
BRDA:286,34,1,0
BRDA:289,35,0,0
BRDA:289,35,1,0
BRDA:295,36,0,0
BRDA:295,36,1,0
BRDA:300,37,0,0
BRDA:308,38,0,0
BRDA:308,38,1,0
BRDA:319,39,0,0
BRDA:319,39,1,0
BRDA:321,40,0,0
BRDA:321,40,1,0
BRDA:321,41,0,0
BRDA:321,41,1,0
BRDA:332,42,0,0
BRDA:332,42,1,0
BRDA:333,43,0,0
BRDA:333,43,1,0
BRDA:344,44,0,0
BRDA:344,44,1,0
BRDA:346,45,0,0
BRDA:346,45,1,0
BRDA:359,46,0,0
BRDA:359,46,1,0
BRDA:365,47,0,0
BRDA:365,47,1,0
BRDA:370,48,0,0
BRDA:370,48,1,0
BRDA:372,49,0,0
BRDA:372,49,1,0
BRDA:372,50,0,0
BRDA:372,50,1,0
BRDA:416,51,0,0
BRDA:416,51,1,0
BRDA:422,52,0,0
BRDA:422,52,1,0
BRDA:426,53,0,0
BRDA:426,53,1,0
BRDA:427,54,0,0
BRDA:427,54,1,0
BRDA:427,55,0,0
BRDA:427,55,1,0
BRDA:428,56,0,0
BRDA:428,56,1,0
BRDA:429,57,0,0
BRDA:429,57,1,0
BRDA:430,58,0,0
BRDA:430,58,1,0
BRDA:431,59,0,0
BRDA:431,59,1,0
BRDA:432,60,0,0
BRDA:432,60,1,0
BRDA:434,61,0,0
BRDA:434,61,1,0
BRDA:512,62,0,0
BRDA:512,62,1,0
BRDA:512,63,0,0
BRDA:512,63,1,0
BRDA:519,64,0,0
BRDA:519,64,1,0
BRDA:528,65,0,0
BRDA:528,65,1,0
BRDA:530,66,0,0
BRDA:530,66,1,0
BRDA:530,67,0,0
BRDA:530,67,1,0
BRDA:533,68,0,0
BRDA:533,68,1,0
BRDA:533,69,0,0
BRDA:533,69,1,0
BRDA:536,70,0,0
BRDA:536,70,1,0
BRDA:537,71,0,0
BRDA:537,71,1,0
BRDA:538,72,0,0
BRDA:538,72,1,0
BRDA:542,73,0,0
BRDA:542,73,1,0
BRDA:542,73,2,0
BRDA:550,74,0,0
BRDA:550,74,1,0
BRDA:551,75,0,0
BRDA:551,75,1,0
BRDA:552,76,0,0
BRDA:552,76,1,0
BRDA:553,77,0,0
BRDA:553,77,1,0
BRDA:554,78,0,0
BRDA:554,78,1,0
BRDA:559,79,0,0
BRDA:559,79,1,0
BRDA:560,80,0,0
BRDA:560,80,1,0
BRDA:592,81,0,0
BRDA:592,81,1,0
BRDA:592,82,0,0
BRDA:592,82,1,0
BRDA:595,83,0,0
BRDA:595,83,1,0
BRDA:597,84,0,0
BRDA:597,84,1,0
BRDA:598,85,0,0
BRDA:598,85,1,0
BRDA:599,86,0,0
BRDA:599,86,1,0
BRDA:600,87,0,0
BRDA:600,87,1,0
BRDA:601,88,0,0
BRDA:601,88,1,0
BRDA:602,89,0,0
BRDA:602,89,1,0
BRDA:603,90,0,0
BRDA:603,90,1,0
BRDA:619,91,0,0
BRDA:619,91,1,0
BRDA:629,92,0,0
BRDA:629,92,1,0
BRDA:639,93,0,0
BRDA:639,93,1,0
BRDA:640,94,0,0
BRDA:640,94,1,0
BRDA:651,95,0,0
BRDA:651,95,1,0
BRF:193
BRH:0
end_of_record
TN:
SF:src\main\services\MaintenanceLetterService.ts
FN:2,(anonymous_0)
FN:18,(anonymous_1)
FN:28,(anonymous_2)
FN:44,(anonymous_3)
FN:45,(anonymous_4)
FN:67,(anonymous_5)
FN:132,(anonymous_6)
FN:133,(anonymous_7)
FN:144,(anonymous_8)
FN:145,(anonymous_9)
FN:155,(anonymous_10)
FN:208,(anonymous_11)
FN:211,(anonymous_12)
FN:214,(anonymous_13)
FN:215,(anonymous_14)
FN:235,(anonymous_15)
FN:236,(anonymous_16)
FN:255,(anonymous_17)
FN:282,(anonymous_18)
FN:290,(anonymous_19)
FN:301,(anonymous_20)
FN:306,(anonymous_21)
FN:321,(anonymous_22)
FN:335,(anonymous_23)
FN:346,(anonymous_24)
FN:362,(anonymous_25)
FNF:26
FNH:0
FNDA:0,(anonymous_0)
FNDA:0,(anonymous_1)
FNDA:0,(anonymous_2)
FNDA:0,(anonymous_3)
FNDA:0,(anonymous_4)
FNDA:0,(anonymous_5)
FNDA:0,(anonymous_6)
FNDA:0,(anonymous_7)
FNDA:0,(anonymous_8)
FNDA:0,(anonymous_9)
FNDA:0,(anonymous_10)
FNDA:0,(anonymous_11)
FNDA:0,(anonymous_12)
FNDA:0,(anonymous_13)
FNDA:0,(anonymous_14)
FNDA:0,(anonymous_15)
FNDA:0,(anonymous_16)
FNDA:0,(anonymous_17)
FNDA:0,(anonymous_18)
FNDA:0,(anonymous_19)
FNDA:0,(anonymous_20)
FNDA:0,(anonymous_21)
FNDA:0,(anonymous_22)
FNDA:0,(anonymous_23)
FNDA:0,(anonymous_24)
FNDA:0,(anonymous_25)
DA:2,0
DA:3,0
DA:5,0
DA:6,0
DA:7,0
DA:8,0
DA:9,0
DA:10,0
DA:11,0
DA:12,0
DA:14,0
DA:19,0
DA:29,0
DA:45,0
DA:46,0
DA:47,0
DA:48,0
DA:49,0
DA:51,0
DA:52,0
DA:53,0
DA:56,0
DA:57,0
DA:58,0
DA:61,0
DA:63,0
DA:64,0
DA:65,0
DA:67,0
DA:69,0
DA:70,0
DA:71,0
DA:72,0
DA:73,0
DA:74,0
DA:76,0
DA:77,0
DA:81,0
DA:82,0
DA:98,0
DA:99,0
DA:101,0
DA:102,0
DA:103,0
DA:110,0
DA:115,0
DA:116,0
DA:117,0
DA:124,0
DA:127,0
DA:128,0
DA:133,0
DA:134,0
DA:135,0
DA:136,0
DA:139,0
DA:140,0
DA:145,0
DA:146,0
DA:147,0
DA:148,0
DA:149,0
DA:152,0
DA:156,0
DA:157,0
DA:158,0
DA:160,0
DA:161,0
DA:163,0
DA:165,0
DA:166,0
DA:173,0
DA:181,0
DA:182,0
DA:184,0
DA:185,0
DA:187,0
DA:188,0
DA:190,0
DA:191,0
DA:193,0
DA:194,0
DA:196,0
DA:197,0
DA:198,0
DA:199,0
DA:200,0
DA:201,0
DA:202,0
DA:203,0
DA:205,0
DA:206,0
DA:209,0
DA:212,0
DA:215,0
DA:217,0
DA:218,0
DA:219,0
DA:222,0
DA:227,0
DA:228,0
DA:232,0
DA:236,0
DA:238,0
DA:239,0
DA:240,0
DA:243,0
DA:244,0
DA:246,0
DA:252,0
DA:257,0
DA:264,0
DA:265,0
DA:272,0
DA:273,0
DA:280,0
DA:284,0
DA:290,0
DA:291,0
DA:299,0
DA:303,0
DA:304,0
DA:306,0
DA:307,0
DA:310,0
DA:311,0
DA:314,0
DA:315,0
DA:318,0
DA:319,0
DA:322,0
DA:329,0
DA:330,0
DA:335,0
DA:336,0
DA:344,0
DA:347,0
DA:354,0
DA:355,0
DA:362,0
DA:363,0
DA:372,0
DA:373,0
DA:374,0
DA:375,0
DA:378,0
DA:388,0
DA:391,0
LF:148
LH:0
BRDA:2,0,0,0
BRDA:2,0,1,0
BRDA:2,0,2,0
BRDA:3,1,0,0
BRDA:3,1,1,0
BRDA:3,2,0,0
BRDA:3,2,1,0
BRDA:15,3,0,0
BRDA:15,3,1,0
BRDA:16,4,0,0
BRDA:16,4,1,0
BRDA:52,5,0,0
BRDA:52,5,1,0
BRDA:57,6,0,0
BRDA:57,6,1,0
BRDA:63,7,0,0
BRDA:63,7,1,0
BRDA:64,8,0,0
BRDA:64,8,1,0
BRDA:65,9,0,0
BRDA:65,9,1,0
BRDA:67,10,0,0
BRDA:67,10,1,0
BRDA:72,11,0,0
BRDA:72,11,1,0
BRDA:74,12,0,0
BRDA:74,12,1,0
BRDA:76,13,0,0
BRDA:76,13,1,0
BRDA:101,14,0,0
BRDA:101,14,1,0
BRDA:101,15,0,0
BRDA:101,15,1,0
BRDA:116,16,0,0
BRDA:116,16,1,0
BRDA:148,17,0,0
BRDA:148,17,1,0
BRDA:157,18,0,0
BRDA:157,18,1,0
BRDA:173,19,0,0
BRDA:173,19,1,0
BRDA:199,20,0,0
BRDA:199,20,1,0
BRDA:218,21,0,0
BRDA:218,21,1,0
BRDA:239,22,0,0
BRDA:239,22,1,0
BRDA:244,23,0,0
BRDA:244,23,1,0
BRDA:286,24,0,0
BRDA:286,24,1,0
BRDA:287,25,0,0
BRDA:287,25,1,0
BRDA:288,26,0,0
BRDA:288,26,1,0
BRDA:294,27,0,0
BRDA:294,27,1,0
BRDA:295,28,0,0
BRDA:295,28,1,0
BRDA:310,29,0,0
BRDA:310,29,1,0
BRDA:314,30,0,0
BRDA:314,30,1,0
BRDA:314,31,0,0
BRDA:314,31,1,0
BRDA:331,32,0,0
BRDA:331,32,1,0
BRDA:356,33,0,0
BRDA:356,33,1,0
BRDA:357,34,0,0
BRDA:357,34,1,0
BRDA:358,35,0,0
BRDA:358,35,1,0
BRDA:359,36,0,0
BRDA:359,36,1,0
BRDA:360,37,0,0
BRDA:360,37,1,0
BRDA:372,38,0,0
BRDA:372,38,1,0
BRDA:373,39,0,0
BRDA:373,39,1,0
BRDA:375,40,0,0
BRDA:375,40,1,0
BRF:83
BRH:0
end_of_record
TN:
SF:src\main\services\MaintenanceRateService.ts
FN:6,(anonymous_0)
FN:14,(anonymous_1)
FN:21,(anonymous_2)
FN:33,(anonymous_3)
FN:41,(anonymous_4)
FN:47,(anonymous_5)
FN:48,(anonymous_6)
FN:55,(anonymous_7)
FN:59,(anonymous_8)
FN:61,(anonymous_9)
FN:66,(anonymous_10)
FN:71,(anonymous_11)
FNF:12
FNH:0
FNDA:0,(anonymous_0)
FNDA:0,(anonymous_1)
FNDA:0,(anonymous_2)
FNDA:0,(anonymous_3)
FNDA:0,(anonymous_4)
FNDA:0,(anonymous_5)
FNDA:0,(anonymous_6)
FNDA:0,(anonymous_7)
FNDA:0,(anonymous_8)
FNDA:0,(anonymous_9)
FNDA:0,(anonymous_10)
FNDA:0,(anonymous_11)
DA:2,0
DA:3,0
DA:4,0
DA:7,0
DA:15,0
DA:22,0
DA:31,0
DA:34,0
DA:41,0
DA:45,0
DA:46,0
DA:47,0
DA:48,0
DA:49,0
DA:53,0
DA:56,0
DA:60,0
DA:61,0
DA:67,0
DA:69,0
DA:72,0
DA:75,0
LF:22
LH:0
BRDA:27,0,0,0
BRDA:27,0,1,0
BRDA:29,1,0,0
BRDA:29,1,1,0
BRDA:41,2,0,0
BRDA:41,2,1,0
BRDA:41,2,2,0
BRDA:41,2,3,0
BRDA:45,3,0,0
BRDA:45,3,1,0
BRDA:68,4,0,0
BRDA:68,4,1,0
BRF:12
BRH:0
end_of_record
TN:
SF:src\main\services\PaymentService.ts
FN:2,(anonymous_0)
FN:13,(anonymous_1)
FN:35,(anonymous_2)
FN:43,(anonymous_3)
FN:113,(anonymous_4)
FN:114,(anonymous_5)
FN:166,(anonymous_6)
FN:178,(anonymous_7)
FN:190,(anonymous_8)
FN:191,(anonymous_9)
FN:249,(anonymous_10)
FN:250,(anonymous_11)
FN:270,(anonymous_12)
FN:271,(anonymous_13)
FNF:14
FNH:0
FNDA:0,(anonymous_0)
FNDA:0,(anonymous_1)
FNDA:0,(anonymous_2)
FNDA:0,(anonymous_3)
FNDA:0,(anonymous_4)
FNDA:0,(anonymous_5)
FNDA:0,(anonymous_6)
FNDA:0,(anonymous_7)
FNDA:0,(anonymous_8)
FNDA:0,(anonymous_9)
FNDA:0,(anonymous_10)
FNDA:0,(anonymous_11)
FNDA:0,(anonymous_12)
FNDA:0,(anonymous_13)
DA:2,0
DA:3,0
DA:5,0
DA:6,0
DA:7,0
DA:8,0
DA:9,0
DA:10,0
DA:11,0
DA:14,0
DA:17,0
DA:18,0
DA:20,0
DA:22,0
DA:27,0
DA:28,0
DA:29,0
DA:36,0
DA:37,0
DA:38,0
DA:39,0
DA:40,0
DA:41,0
DA:44,0
DA:52,0
DA:53,0
DA:54,0
DA:56,0
DA:58,0
DA:59,0
DA:61,0
DA:62,0
DA:63,0
DA:64,0
DA:66,0
DA:67,0
DA:68,0
DA:69,0
DA:70,0
DA:71,0
DA:73,0
DA:74,0
DA:75,0
DA:76,0
DA:77,0
DA:81,0
DA:82,0
DA:87,0
DA:89,0
DA:90,0
DA:91,0
DA:92,0
DA:93,0
DA:100,0
DA:103,0
DA:104,0
DA:105,0
DA:106,0
DA:107,0
DA:108,0
DA:109,0
DA:110,0
DA:111,0
DA:114,0
DA:115,0
DA:116,0
DA:117,0
DA:120,0
DA:132,0
DA:134,0
DA:137,0
DA:149,0
DA:150,0
DA:151,0
DA:153,0
DA:155,0
DA:156,0
DA:157,0
DA:159,0
DA:160,0
DA:163,0
DA:167,0
DA:179,0
DA:191,0
DA:192,0
DA:193,0
DA:195,0
DA:197,0
DA:198,0
DA:201,0
DA:202,0
DA:205,0
DA:206,0
DA:207,0
DA:211,0
DA:212,0
DA:215,0
DA:216,0
DA:218,0
DA:233,0
DA:235,0
DA:236,0
DA:237,0
DA:240,0
DA:241,0
DA:244,0
DA:246,0
DA:250,0
DA:251,0
DA:252,0
DA:253,0
DA:254,0
DA:255,0
DA:256,0
DA:259,0
DA:262,0
DA:265,0
DA:266,0
DA:271,0
DA:272,0
DA:273,0
DA:274,0
DA:275,0
DA:278,0
DA:282,0
LF:125
LH:0
BRDA:2,0,0,0
BRDA:2,0,1,0
BRDA:2,0,2,0
BRDA:3,1,0,0
BRDA:3,1,1,0
BRDA:3,2,0,0
BRDA:3,2,1,0
BRDA:17,3,0,0
BRDA:17,3,1,0
BRDA:20,4,0,0
BRDA:20,4,1,0
BRDA:22,5,0,0
BRDA:22,5,1,0
BRDA:30,6,0,0
BRDA:30,6,1,0
BRDA:31,7,0,0
BRDA:31,7,1,0
BRDA:36,8,0,0
BRDA:36,8,1,0
BRDA:39,9,0,0
BRDA:39,9,1,0
BRDA:52,10,0,0
BRDA:52,10,1,0
BRDA:56,11,0,0
BRDA:56,11,1,0
BRDA:63,12,0,0
BRDA:63,12,1,0
BRDA:63,13,0,0
BRDA:63,13,1,0
BRDA:70,14,0,0
BRDA:70,14,1,0
BRDA:70,15,0,0
BRDA:70,15,1,0
BRDA:70,16,0,0
BRDA:70,16,1,0
BRDA:81,17,0,0
BRDA:81,17,1,0
BRDA:81,18,0,0
BRDA:81,18,1,0
BRDA:84,19,0,0
BRDA:84,19,1,0
BRDA:89,20,0,0
BRDA:89,20,1,0
BRDA:106,21,0,0
BRDA:106,21,1,0
BRDA:108,22,0,0
BRDA:108,22,1,0
BRDA:116,23,0,0
BRDA:116,23,1,0
BRDA:121,24,0,0
BRDA:121,24,1,0
BRDA:122,25,0,0
BRDA:122,25,1,0
BRDA:123,26,0,0
BRDA:123,26,1,0
BRDA:124,27,0,0
BRDA:124,27,1,0
BRDA:125,28,0,0
BRDA:125,28,1,0
BRDA:126,29,0,0
BRDA:126,29,1,0
BRDA:127,30,0,0
BRDA:127,30,1,0
BRDA:128,31,0,0
BRDA:128,31,1,0
BRDA:129,32,0,0
BRDA:129,32,1,0
BRDA:132,33,0,0
BRDA:132,33,1,0
BRDA:132,34,0,0
BRDA:132,34,1,0
BRDA:132,34,2,0
BRDA:132,34,3,0
BRDA:132,34,4,0
BRDA:132,34,5,0
BRDA:153,35,0,0
BRDA:153,35,1,0
BRDA:153,35,2,0
BRDA:153,35,3,0
BRDA:155,36,0,0
BRDA:155,36,1,0
BRDA:156,37,0,0
BRDA:156,37,1,0
BRDA:159,38,0,0
BRDA:159,38,1,0
BRDA:159,39,0,0
BRDA:159,39,1,0
BRDA:195,40,0,0
BRDA:195,40,1,0
BRDA:197,41,0,0
BRDA:197,41,1,0
BRDA:201,42,0,0
BRDA:201,42,1,0
BRDA:205,43,0,0
BRDA:205,43,1,0
BRDA:206,44,0,0
BRDA:206,44,1,0
BRDA:211,45,0,0
BRDA:211,45,1,0
BRDA:211,46,0,0
BRDA:211,46,1,0
BRDA:215,47,0,0
BRDA:215,47,1,0
BRDA:215,48,0,0
BRDA:215,48,1,0
BRDA:231,49,0,0
BRDA:231,49,1,0
BRDA:235,50,0,0
BRDA:235,50,1,0
BRDA:236,51,0,0
BRDA:236,51,1,0
BRDA:240,52,0,0
BRDA:240,52,1,0
BRDA:254,53,0,0
BRDA:254,53,1,0
BRDA:254,54,0,0
BRDA:254,54,1,0
BRDA:255,55,0,0
BRDA:255,55,1,0
BRDA:274,56,0,0
BRDA:274,56,1,0
BRF:121
BRH:0
end_of_record
TN:
SF:src\main\services\ProjectService.ts
FN:7,(anonymous_0)
FN:10,(anonymous_1)
FN:18,(anonymous_2)
FN:31,(anonymous_3)
FN:43,(anonymous_4)
FN:55,(anonymous_5)
FN:58,(anonymous_6)
FN:90,(anonymous_7)
FN:99,(anonymous_8)
FN:102,(anonymous_9)
FN:114,(anonymous_10)
FN:120,(anonymous_11)
FN:127,(anonymous_12)
FN:130,(anonymous_13)
FN:154,(anonymous_14)
FN:173,(anonymous_15)
FN:176,(anonymous_16)
FN:177,(anonymous_17)
FN:181,(anonymous_18)
FN:182,(anonymous_19)
FN:210,(anonymous_20)
FN:211,(anonymous_21)
FN:221,(anonymous_22)
FN:318,(anonymous_23)
FN:326,(anonymous_24)
FN:327,(anonymous_25)
FN:342,(anonymous_26)
FN:357,(anonymous_27)
FN:358,(anonymous_28)
FN:393,(anonymous_29)
FN:394,(anonymous_30)
FN:414,(anonymous_31)
FN:415,(anonymous_32)
FN:417,(anonymous_33)
FN:420,(anonymous_34)
FN:437,(anonymous_35)
FN:452,(anonymous_36)
FN:469,(anonymous_37)
FN:476,(anonymous_38)
FN:477,(anonymous_39)
FN:478,(anonymous_40)
FN:490,(anonymous_41)
FN:491,(anonymous_42)
FN:492,(anonymous_43)
FN:493,(anonymous_44)
FN:494,(anonymous_45)
FN:494,(anonymous_46)
FN:499,(anonymous_47)
FN:507,(anonymous_48)
FN:521,(anonymous_49)
FN:527,(anonymous_50)
FN:582,(anonymous_51)
FN:583,(anonymous_52)
FNF:53
FNH:0
FNDA:0,(anonymous_0)
FNDA:0,(anonymous_1)
FNDA:0,(anonymous_2)
FNDA:0,(anonymous_3)
FNDA:0,(anonymous_4)
FNDA:0,(anonymous_5)
FNDA:0,(anonymous_6)
FNDA:0,(anonymous_7)
FNDA:0,(anonymous_8)
FNDA:0,(anonymous_9)
FNDA:0,(anonymous_10)
FNDA:0,(anonymous_11)
FNDA:0,(anonymous_12)
FNDA:0,(anonymous_13)
FNDA:0,(anonymous_14)
FNDA:0,(anonymous_15)
FNDA:0,(anonymous_16)
FNDA:0,(anonymous_17)
FNDA:0,(anonymous_18)
FNDA:0,(anonymous_19)
FNDA:0,(anonymous_20)
FNDA:0,(anonymous_21)
FNDA:0,(anonymous_22)
FNDA:0,(anonymous_23)
FNDA:0,(anonymous_24)
FNDA:0,(anonymous_25)
FNDA:0,(anonymous_26)
FNDA:0,(anonymous_27)
FNDA:0,(anonymous_28)
FNDA:0,(anonymous_29)
FNDA:0,(anonymous_30)
FNDA:0,(anonymous_31)
FNDA:0,(anonymous_32)
FNDA:0,(anonymous_33)
FNDA:0,(anonymous_34)
FNDA:0,(anonymous_35)
FNDA:0,(anonymous_36)
FNDA:0,(anonymous_37)
FNDA:0,(anonymous_38)
FNDA:0,(anonymous_39)
FNDA:0,(anonymous_40)
FNDA:0,(anonymous_41)
FNDA:0,(anonymous_42)
FNDA:0,(anonymous_43)
FNDA:0,(anonymous_44)
FNDA:0,(anonymous_45)
FNDA:0,(anonymous_46)
FNDA:0,(anonymous_47)
FNDA:0,(anonymous_48)
FNDA:0,(anonymous_49)
FNDA:0,(anonymous_50)
FNDA:0,(anonymous_51)
FNDA:0,(anonymous_52)
DA:2,0
DA:3,0
DA:4,0
DA:5,0
DA:8,0
DA:11,0
DA:12,0
DA:13,0
DA:14,0
DA:15,0
DA:16,0
DA:19,0
DA:20,0
DA:21,0
DA:22,0
DA:23,0
DA:24,0
DA:27,0
DA:29,0
DA:32,0
DA:33,0
DA:34,0
DA:36,0
DA:39,0
DA:41,0
DA:44,0
DA:45,0
DA:46,0
DA:47,0
DA:48,0
DA:49,0
DA:50,0
DA:53,0
DA:56,0
DA:59,0
DA:62,0
DA:77,0
DA:78,0
DA:79,0
DA:81,0
DA:85,0
DA:86,0
DA:87,0
DA:88,0
DA:91,0
DA:92,0
DA:93,0
DA:94,0
DA:100,0
DA:103,0
DA:106,0
DA:107,0
DA:108,0
DA:109,0
DA:110,0
DA:111,0
DA:112,0
DA:115,0
DA:116,0
DA:117,0
DA:121,0
DA:128,0
DA:131,0
DA:152,0
DA:155,0
DA:173,0
DA:174,0
DA:175,0
DA:176,0
DA:177,0
DA:178,0
DA:179,0
DA:182,0
DA:183,0
DA:184,0
DA:194,0
DA:195,0
DA:196,0
DA:197,0
DA:200,0
DA:201,0
DA:205,0
DA:206,0
DA:211,0
DA:212,0
DA:213,0
DA:214,0
DA:215,0
DA:218,0
DA:223,0
DA:224,0
DA:225,0
DA:226,0
DA:227,0
DA:229,0
DA:230,0
DA:231,0
DA:233,0
DA:235,0
DA:236,0
DA:237,0
DA:238,0
DA:239,0
DA:241,0
DA:242,0
DA:243,0
DA:245,0
DA:246,0
DA:247,0
DA:249,0
DA:251,0
DA:252,0
DA:253,0
DA:254,0
DA:255,0
DA:257,0
DA:258,0
DA:259,0
DA:261,0
DA:262,0
DA:263,0
DA:265,0
DA:266,0
DA:267,0
DA:269,0
DA:271,0
DA:272,0
DA:273,0
DA:274,0
DA:275,0
DA:277,0
DA:278,0
DA:279,0
DA:281,0
DA:282,0
DA:283,0
DA:285,0
DA:286,0
DA:287,0
DA:289,0
DA:290,0
DA:291,0
DA:292,0
DA:293,0
DA:294,0
DA:295,0
DA:297,0
DA:309,0
DA:319,0
DA:327,0
DA:328,0
DA:329,0
DA:330,0
DA:333,0
DA:334,0
DA:335,0
DA:339,0
DA:343,0
DA:344,0
DA:345,0
DA:348,0
DA:358,0
DA:359,0
DA:360,0
DA:361,0
DA:378,0
DA:390,0
DA:394,0
DA:395,0
DA:396,0
DA:397,0
DA:399,0
DA:400,0
DA:405,0
DA:406,0
DA:407,0
DA:410,0
DA:412,0
DA:414,0
DA:415,0
DA:417,0
DA:418,0
DA:419,0
DA:420,0
DA:427,0
DA:428,0
DA:430,0
DA:431,0
DA:433,0
DA:434,0
DA:435,0
DA:437,0
DA:438,0
DA:439,0
DA:441,0
DA:453,0
DA:454,0
DA:455,0
DA:457,0
DA:460,0
DA:469,0
DA:470,0
DA:476,0
DA:477,0
DA:478,0
DA:479,0
DA:489,0
DA:490,0
DA:491,0
DA:492,0
DA:493,0
DA:494,0
DA:495,0
DA:498,0
DA:499,0
DA:500,0
DA:507,0
DA:508,0
DA:509,0
DA:512,0
DA:513,0
DA:514,0
DA:521,0
DA:523,0
DA:524,0
DA:525,0
DA:527,0
DA:529,0
DA:530,0
DA:531,0
DA:532,0
DA:534,0
DA:535,0
DA:536,0
DA:538,0
DA:539,0
DA:542,0
DA:543,0
DA:546,0
DA:547,0
DA:549,0
DA:550,0
DA:552,0
DA:553,0
DA:555,0
DA:556,0
DA:558,0
DA:559,0
DA:561,0
DA:583,0
DA:586,0
LF:251
LH:0
BRDA:8,0,0,0
BRDA:8,0,1,0
BRDA:8,1,0,0
BRDA:8,1,1,0
BRDA:12,2,0,0
BRDA:12,2,1,0
BRDA:12,3,0,0
BRDA:12,3,1,0
BRDA:14,4,0,0
BRDA:14,4,1,0
BRDA:16,5,0,0
BRDA:16,5,1,0
BRDA:20,6,0,0
BRDA:20,6,1,0
BRDA:20,7,0,0
BRDA:20,7,1,0
BRDA:20,7,2,0
BRDA:22,8,0,0
BRDA:22,8,1,0
BRDA:22,9,0,0
BRDA:22,9,1,0
BRDA:24,10,0,0
BRDA:24,10,1,0
BRDA:24,11,0,0
BRDA:24,11,1,0
BRDA:24,11,2,0
BRDA:29,12,0,0
BRDA:29,12,1,0
BRDA:33,13,0,0
BRDA:33,13,1,0
BRDA:33,14,0,0
BRDA:33,14,1,0
BRDA:33,14,2,0
BRDA:36,15,0,0
BRDA:36,15,1,0
BRDA:36,16,0,0
BRDA:36,16,1,0
BRDA:36,16,2,0
BRDA:41,17,0,0
BRDA:41,17,1,0
BRDA:49,18,0,0
BRDA:49,18,1,0
BRDA:59,19,0,0
BRDA:59,19,1,0
BRDA:79,20,0,0
BRDA:79,20,1,0
BRDA:82,21,0,0
BRDA:82,21,1,0
BRDA:85,22,0,0
BRDA:85,22,1,0
BRDA:86,23,0,0
BRDA:86,23,1,0
BRDA:87,24,0,0
BRDA:87,24,1,0
BRDA:92,25,0,0
BRDA:92,25,1,0
BRDA:103,26,0,0
BRDA:103,26,1,0
BRDA:106,27,0,0
BRDA:106,27,1,0
BRDA:106,28,0,0
BRDA:106,28,1,0
BRDA:106,28,2,0
BRDA:108,29,0,0
BRDA:108,29,1,0
BRDA:110,30,0,0
BRDA:110,30,1,0
BRDA:110,31,0,0
BRDA:110,31,1,0
BRDA:112,32,0,0
BRDA:112,32,1,0
BRDA:115,33,0,0
BRDA:115,33,1,0
BRDA:116,34,0,0
BRDA:116,34,1,0
BRDA:134,35,0,0
BRDA:134,35,1,0
BRDA:140,36,0,0
BRDA:140,36,1,0
BRDA:149,37,0,0
BRDA:149,37,1,0
BRDA:173,38,0,0
BRDA:173,38,1,0
BRDA:173,38,2,0
BRDA:174,39,0,0
BRDA:174,39,1,0
BRDA:195,40,0,0
BRDA:195,40,1,0
BRDA:214,41,0,0
BRDA:214,41,1,0
BRDA:225,42,0,0
BRDA:225,42,1,0
BRDA:229,43,0,0
BRDA:229,43,1,0
BRDA:233,44,0,0
BRDA:233,44,1,0
BRDA:237,45,0,0
BRDA:237,45,1,0
BRDA:241,46,0,0
BRDA:241,46,1,0
BRDA:245,47,0,0
BRDA:245,47,1,0
BRDA:249,48,0,0
BRDA:249,48,1,0
BRDA:253,49,0,0
BRDA:253,49,1,0
BRDA:257,50,0,0
BRDA:257,50,1,0
BRDA:261,51,0,0
BRDA:261,51,1,0
BRDA:265,52,0,0
BRDA:265,52,1,0
BRDA:269,53,0,0
BRDA:269,53,1,0
BRDA:273,54,0,0
BRDA:273,54,1,0
BRDA:277,55,0,0
BRDA:277,55,1,0
BRDA:281,56,0,0
BRDA:281,56,1,0
BRDA:285,57,0,0
BRDA:285,57,1,0
BRDA:289,58,0,0
BRDA:289,58,1,0
BRDA:291,59,0,0
BRDA:291,59,1,0
BRDA:292,60,0,0
BRDA:292,60,1,0
BRDA:293,61,0,0
BRDA:293,61,1,0
BRDA:294,62,0,0
BRDA:294,62,1,0
BRDA:297,63,0,0
BRDA:297,63,1,0
BRDA:330,64,0,0
BRDA:330,64,1,0
BRDA:333,65,0,0
BRDA:333,65,1,0
BRDA:344,66,0,0
BRDA:344,66,1,0
BRDA:360,67,0,0
BRDA:360,67,1,0
BRDA:396,68,0,0
BRDA:396,68,1,0
BRDA:405,69,0,0
BRDA:405,69,1,0
BRDA:412,70,0,0
BRDA:412,70,1,0
BRDA:419,71,0,0
BRDA:419,71,1,0
BRDA:433,72,0,0
BRDA:433,72,1,0
BRDA:434,73,0,0
BRDA:434,73,1,0
BRDA:438,74,0,0
BRDA:438,74,1,0
BRDA:443,75,0,0
BRDA:443,75,1,0
BRDA:454,76,0,0
BRDA:454,76,1,0
BRDA:457,77,0,0
BRDA:457,77,1,0
BRDA:477,78,0,0
BRDA:477,78,1,0
BRDA:492,79,0,0
BRDA:492,79,1,0
BRDA:495,80,0,0
BRDA:495,80,1,0
BRDA:495,80,2,0
BRDA:495,81,0,0
BRDA:495,81,1,0
BRDA:496,82,0,0
BRDA:496,82,1,0
BRDA:497,83,0,0
BRDA:497,83,1,0
BRDA:498,84,0,0
BRDA:498,84,1,0
BRDA:499,85,0,0
BRDA:499,85,1,0
BRDA:508,86,0,0
BRDA:508,86,1,0
BRDA:509,87,0,0
BRDA:509,87,1,0
BRDA:513,88,0,0
BRDA:513,88,1,0
BRDA:525,89,0,0
BRDA:525,89,1,0
BRDA:527,90,0,0
BRDA:527,90,1,0
BRDA:531,91,0,0
BRDA:531,91,1,0
BRDA:534,92,0,0
BRDA:534,92,1,0
BRDA:535,93,0,0
BRDA:535,93,1,0
BRDA:538,94,0,0
BRDA:538,94,1,0
BRDA:542,95,0,0
BRDA:542,95,1,0
BRDA:546,96,0,0
BRDA:546,96,1,0
BRDA:549,97,0,0
BRDA:549,97,1,0
BRDA:552,98,0,0
BRDA:552,98,1,0
BRDA:555,99,0,0
BRDA:555,99,1,0
BRDA:555,100,0,0
BRDA:555,100,1,0
BRDA:558,101,0,0
BRDA:558,101,1,0
BRF:211
BRH:0
end_of_record
TN:
SF:src\main\services\UnitService.ts
FN:6,(anonymous_0)
FN:11,(anonymous_1)
FN:14,(anonymous_2)
FN:30,(anonymous_3)
FN:38,(anonymous_4)
FN:55,(anonymous_5)
FN:69,(anonymous_6)
FN:77,(anonymous_7)
FN:114,(anonymous_8)
FN:122,(anonymous_9)
FN:125,(anonymous_10)
FN:145,(anonymous_11)
FN:171,(anonymous_12)
FN:174,(anonymous_13)
FN:175,(anonymous_14)
FN:179,(anonymous_15)
FN:180,(anonymous_16)
FN:214,(anonymous_17)
FN:216,(anonymous_18)
FN:324,(anonymous_19)
FN:328,(anonymous_20)
FN:330,(anonymous_21)
FN:392,(anonymous_22)
FN:393,(anonymous_23)
FN:403,(anonymous_24)
FN:408,(anonymous_25)
FN:420,(anonymous_26)
FNF:27
FNH:0
FNDA:0,(anonymous_0)
FNDA:0,(anonymous_1)
FNDA:0,(anonymous_2)
FNDA:0,(anonymous_3)
FNDA:0,(anonymous_4)
FNDA:0,(anonymous_5)
FNDA:0,(anonymous_6)
FNDA:0,(anonymous_7)
FNDA:0,(anonymous_8)
FNDA:0,(anonymous_9)
FNDA:0,(anonymous_10)
FNDA:0,(anonymous_11)
FNDA:0,(anonymous_12)
FNDA:0,(anonymous_13)
FNDA:0,(anonymous_14)
FNDA:0,(anonymous_15)
FNDA:0,(anonymous_16)
FNDA:0,(anonymous_17)
FNDA:0,(anonymous_18)
FNDA:0,(anonymous_19)
FNDA:0,(anonymous_20)
FNDA:0,(anonymous_21)
FNDA:0,(anonymous_22)
FNDA:0,(anonymous_23)
FNDA:0,(anonymous_24)
FNDA:0,(anonymous_25)
FNDA:0,(anonymous_26)
DA:2,0
DA:3,0
DA:4,0
DA:7,0
DA:8,0
DA:12,0
DA:15,0
DA:16,0
DA:20,0
DA:22,0
DA:23,0
DA:25,0
DA:26,0
DA:28,0
DA:31,0
DA:32,0
DA:33,0
DA:34,0
DA:35,0
DA:36,0
DA:39,0
DA:40,0
DA:41,0
DA:42,0
DA:43,0
DA:44,0
DA:46,0
DA:47,0
DA:48,0
DA:50,0
DA:51,0
DA:52,0
DA:53,0
DA:56,0
DA:57,0
DA:58,0
DA:59,0
DA:60,0
DA:61,0
DA:63,0
DA:64,0
DA:65,0
DA:67,0
DA:70,0
DA:71,0
DA:72,0
DA:74,0
DA:75,0
DA:78,0
DA:115,0
DA:123,0
DA:126,0
DA:127,0
DA:143,0
DA:146,0
DA:147,0
DA:148,0
DA:149,0
DA:151,0
DA:152,0
DA:154,0
DA:155,0
DA:157,0
DA:171,0
DA:172,0
DA:173,0
DA:174,0
DA:175,0
DA:176,0
DA:177,0
DA:180,0
DA:181,0
DA:182,0
DA:184,0
DA:185,0
DA:186,0
DA:187,0
DA:195,0
DA:196,0
DA:197,0
DA:198,0
DA:201,0
DA:205,0
DA:206,0
DA:215,0
DA:216,0
DA:218,0
DA:219,0
DA:220,0
DA:221,0
DA:222,0
DA:225,0
DA:226,0
DA:227,0
DA:228,0
DA:229,0
DA:230,0
DA:231,0
DA:233,0
DA:234,0
DA:240,0
DA:241,0
DA:246,0
DA:247,0
DA:252,0
DA:253,0
DA:258,0
DA:259,0
DA:264,0
DA:265,0
DA:270,0
DA:271,0
DA:276,0
DA:277,0
DA:283,0
DA:284,0
DA:289,0
DA:290,0
DA:297,0
DA:313,0
DA:314,0
DA:315,0
DA:316,0
DA:317,0
DA:318,0
DA:319,0
DA:320,0
DA:321,0
DA:322,0
DA:324,0
DA:328,0
DA:330,0
DA:331,0
DA:337,0
DA:339,0
DA:340,0
DA:342,0
DA:343,0
DA:347,0
DA:369,0
DA:370,0
DA:371,0
DA:373,0
DA:375,0
DA:376,0
DA:377,0
DA:379,0
DA:384,0
DA:385,0
DA:386,0
DA:389,0
DA:393,0
DA:394,0
DA:395,0
DA:396,0
DA:397,0
DA:400,0
DA:404,0
DA:406,0
DA:407,0
DA:408,0
DA:409,0
DA:410,0
DA:412,0
DA:413,0
DA:414,0
DA:417,0
DA:418,0
DA:419,0
DA:420,0
DA:421,0
DA:424,0
DA:425,0
DA:426,0
DA:429,0
DA:430,0
DA:432,0
DA:433,0
DA:434,0
DA:435,0
DA:436,0
DA:437,0
DA:438,0
DA:439,0
DA:441,0
DA:445,0
DA:446,0
DA:447,0
DA:448,0
DA:451,0
DA:455,0
LF:191
LH:0
BRDA:7,0,0,0
BRDA:7,0,1,0
BRDA:12,1,0,0
BRDA:12,1,1,0
BRDA:12,2,0,0
BRDA:12,2,1,0
BRDA:16,3,0,0
BRDA:16,3,1,0
BRDA:16,4,0,0
BRDA:16,4,1,0
BRDA:16,4,2,0
BRDA:16,4,3,0
BRDA:22,5,0,0
BRDA:22,5,1,0
BRDA:22,6,0,0
BRDA:22,6,1,0
BRDA:25,7,0,0
BRDA:25,7,1,0
BRDA:28,8,0,0
BRDA:28,8,1,0
BRDA:32,9,0,0
BRDA:32,9,1,0
BRDA:32,10,0,0
BRDA:32,10,1,0
BRDA:32,10,2,0
BRDA:34,11,0,0
BRDA:34,11,1,0
BRDA:36,12,0,0
BRDA:36,12,1,0
BRDA:40,13,0,0
BRDA:40,13,1,0
BRDA:43,14,0,0
BRDA:43,14,1,0
BRDA:47,15,0,0
BRDA:47,15,1,0
BRDA:51,16,0,0
BRDA:51,16,1,0
BRDA:56,17,0,0
BRDA:56,17,1,0
BRDA:57,18,0,0
BRDA:57,18,1,0
BRDA:60,19,0,0
BRDA:60,19,1,0
BRDA:64,20,0,0
BRDA:64,20,1,0
BRDA:70,21,0,0
BRDA:70,21,1,0
BRDA:71,22,0,0
BRDA:71,22,1,0
BRDA:75,23,0,0
BRDA:75,23,1,0
BRDA:138,24,0,0
BRDA:138,24,1,0
BRDA:139,25,0,0
BRDA:139,25,1,0
BRDA:141,26,0,0
BRDA:141,26,1,0
BRDA:147,27,0,0
BRDA:147,27,1,0
BRDA:147,28,0,0
BRDA:147,28,1,0
BRDA:149,29,0,0
BRDA:149,29,1,0
BRDA:151,30,0,0
BRDA:151,30,1,0
BRDA:154,31,0,0
BRDA:154,31,1,0
BRDA:171,32,0,0
BRDA:171,32,1,0
BRDA:171,32,2,0
BRDA:172,33,0,0
BRDA:172,33,1,0
BRDA:185,34,0,0
BRDA:185,34,1,0
BRDA:196,35,0,0
BRDA:196,35,1,0
BRDA:219,36,0,0
BRDA:219,36,1,0
BRDA:225,37,0,0
BRDA:225,37,1,0
BRDA:226,38,0,0
BRDA:226,38,1,0
BRDA:230,39,0,0
BRDA:230,39,1,0
BRDA:233,40,0,0
BRDA:233,40,1,0
BRDA:240,41,0,0
BRDA:240,41,1,0
BRDA:242,42,0,0
BRDA:242,42,1,0
BRDA:246,43,0,0
BRDA:246,43,1,0
BRDA:248,44,0,0
BRDA:248,44,1,0
BRDA:252,45,0,0
BRDA:252,45,1,0
BRDA:254,46,0,0
BRDA:254,46,1,0
BRDA:258,47,0,0
BRDA:258,47,1,0
BRDA:264,48,0,0
BRDA:264,48,1,0
BRDA:264,49,0,0
BRDA:264,49,1,0
BRDA:270,50,0,0
BRDA:270,50,1,0
BRDA:276,51,0,0
BRDA:276,51,1,0
BRDA:276,52,0,0
BRDA:276,52,1,0
BRDA:283,53,0,0
BRDA:283,53,1,0
BRDA:285,54,0,0
BRDA:285,54,1,0
BRDA:289,55,0,0
BRDA:289,55,1,0
BRDA:291,56,0,0
BRDA:291,56,1,0
BRDA:300,57,0,0
BRDA:300,57,1,0
BRDA:301,58,0,0
BRDA:301,58,1,0
BRDA:303,59,0,0
BRDA:303,59,1,0
BRDA:304,60,0,0
BRDA:304,60,1,0
BRDA:305,61,0,0
BRDA:305,61,1,0
BRDA:307,62,0,0
BRDA:307,62,1,0
BRDA:308,63,0,0
BRDA:308,63,1,0
BRDA:309,64,0,0
BRDA:309,64,1,0
BRDA:313,65,0,0
BRDA:313,65,1,0
BRDA:313,66,0,0
BRDA:313,66,1,0
BRDA:316,67,0,0
BRDA:316,67,1,0
BRDA:317,68,0,0
BRDA:317,68,1,0
BRDA:318,69,0,0
BRDA:318,69,1,0
BRDA:319,70,0,0
BRDA:319,70,1,0
BRDA:322,71,0,0
BRDA:322,71,1,0
BRDA:325,72,0,0
BRDA:325,72,1,0
BRDA:325,73,0,0
BRDA:325,73,1,0
BRDA:326,74,0,0
BRDA:326,74,1,0
BRDA:331,75,0,0
BRDA:331,75,1,0
BRDA:331,76,0,0
BRDA:331,76,1,0
BRDA:331,76,2,0
BRDA:331,76,3,0
BRDA:331,76,4,0
BRDA:331,76,5,0
BRDA:331,76,6,0
BRDA:339,77,0,0
BRDA:339,77,1,0
BRDA:343,78,0,0
BRDA:343,78,1,0
BRDA:343,79,0,0
BRDA:343,79,1,0
BRDA:370,80,0,0
BRDA:370,80,1,0
BRDA:384,81,0,0
BRDA:384,81,1,0
BRDA:396,82,0,0
BRDA:396,82,1,0
BRDA:413,83,0,0
BRDA:413,83,1,0
BRDA:413,84,0,0
BRDA:413,84,1,0
BRDA:418,85,0,0
BRDA:418,85,1,0
BRDA:429,86,0,0
BRDA:429,86,1,0
BRDA:430,87,0,0
BRDA:430,87,1,0
BRDA:445,88,0,0
BRDA:445,88,1,0
BRF:187
BRH:0
end_of_record
TN:
SF:src\main\types\enums.ts
FN:9,(anonymous_0)
FN:14,(anonymous_1)
FN:20,(anonymous_2)
FN:25,(anonymous_3)
FN:32,(anonymous_4)
FN:38,(anonymous_5)
FN:44,(anonymous_6)
FNF:7
FNH:0
FNDA:0,(anonymous_0)
FNDA:0,(anonymous_1)
FNDA:0,(anonymous_2)
FNDA:0,(anonymous_3)
FNDA:0,(anonymous_4)
FNDA:0,(anonymous_5)
FNDA:0,(anonymous_6)
DA:6,0
DA:7,0
DA:9,0
DA:10,0
DA:11,0
DA:14,0
DA:15,0
DA:16,0
DA:17,0
DA:20,0
DA:21,0
DA:22,0
DA:25,0
DA:26,0
DA:27,0
DA:28,0
DA:29,0
DA:32,0
DA:33,0
DA:34,0
DA:35,0
DA:38,0
DA:39,0
DA:40,0
DA:41,0
DA:44,0
DA:45,0
DA:46,0
DA:47,0
LF:29
LH:0
BRDA:12,0,0,0
BRDA:12,0,1,0
BRDA:18,1,0,0
BRDA:18,1,1,0
BRDA:23,2,0,0
BRDA:23,2,1,0
BRDA:30,3,0,0
BRDA:30,3,1,0
BRDA:36,4,0,0
BRDA:36,4,1,0
BRDA:42,5,0,0
BRDA:42,5,1,0
BRDA:48,6,0,0
BRDA:48,6,1,0
BRF:14
BRH:0
end_of_record
TN:
SF:src\main\types\pdf.ts
FNF:0
FNH:0
DA:2,0
LF:1
LH:0
BRF:0
BRH:0
end_of_record
TN:
SF:src\main\utils\errorHandler.ts
FN:13,(anonymous_0)
FN:23,(anonymous_1)
FN:30,(anonymous_2)
FN:37,(anonymous_3)
FN:44,(anonymous_4)
FN:53,(anonymous_5)
FN:72,(anonymous_6)
FN:75,(anonymous_7)
FN:81,getSafeErrorMessage
FN:91,withErrorHandling
FNF:10
FNH:0
FNDA:0,(anonymous_0)
FNDA:0,(anonymous_1)
FNDA:0,(anonymous_2)
FNDA:0,(anonymous_3)
FNDA:0,(anonymous_4)
FNDA:0,(anonymous_5)
FNDA:0,(anonymous_6)
FNDA:0,(anonymous_7)
FNDA:0,getSafeErrorMessage
FNDA:0,withErrorHandling
DA:5,0
DA:6,0
DA:7,0
DA:8,0
DA:14,0
DA:15,0
DA:16,0
DA:17,0
DA:18,0
DA:21,0
DA:24,0
DA:25,0
DA:28,0
DA:31,0
DA:32,0
DA:35,0
DA:38,0
DA:39,0
DA:42,0
DA:45,0
DA:46,0
DA:49,0
DA:51,0
DA:52,0
DA:54,0
DA:62,0
DA:63,0
DA:64,0
DA:67,0
DA:68,0
DA:70,0
DA:73,0
DA:76,0
DA:79,0
DA:82,0
DA:83,0
DA:85,0
DA:86,0
DA:88,0
DA:92,0
DA:93,0
DA:96,0
DA:97,0
LF:43
LH:0
BRDA:13,0,0,0
BRDA:56,1,0,0
BRDA:56,1,1,0
BRDA:60,2,0,0
BRDA:60,2,1,0
BRDA:63,3,0,0
BRDA:63,3,1,0
BRDA:67,4,0,0
BRDA:67,4,1,0
BRDA:67,5,0,0
BRDA:67,5,1,0
BRDA:72,6,0,0
BRDA:82,7,0,0
BRDA:82,7,1,0
BRDA:85,8,0,0
BRDA:85,8,1,0
BRDA:88,9,0,0
BRDA:88,9,1,0
BRF:18
BRH:0
end_of_record
TN:
SF:src\main\utils\fileAsync.ts
FN:5,(anonymous_0)
FN:19,writeFileAsync
FN:45,readFileAsync
FN:66,copyFileAsync
FN:92,deleteFileAsync
FN:111,listFilesAsync
FNF:6
FNH:0
FNDA:0,(anonymous_0)
FNDA:0,writeFileAsync
FNDA:0,readFileAsync
FNDA:0,copyFileAsync
FNDA:0,deleteFileAsync
FNDA:0,listFilesAsync
DA:5,0
DA:6,0
DA:8,0
DA:9,0
DA:10,0
DA:11,0
DA:12,0
DA:13,0
DA:14,0
DA:15,0
DA:20,0
DA:22,0
DA:23,0
DA:24,0
DA:26,0
DA:27,0
DA:28,0
DA:35,0
DA:36,0
DA:46,0
DA:47,0
DA:48,0
DA:56,0
DA:57,0
DA:67,0
DA:69,0
DA:70,0
DA:71,0
DA:73,0
DA:74,0
DA:75,0
DA:82,0
DA:83,0
DA:93,0
DA:94,0
DA:95,0
DA:101,0
DA:102,0
DA:112,0
DA:113,0
DA:114,0
DA:121,0
DA:122,0
LF:43
LH:0
BRDA:5,0,0,0
BRDA:5,0,1,0
BRDA:5,0,2,0
BRDA:6,1,0,0
BRDA:6,1,1,0
BRDA:6,2,0,0
BRDA:6,2,1,0
BRDA:23,3,0,0
BRDA:23,3,1,0
BRDA:35,4,0,0
BRDA:35,4,1,0
BRDA:56,5,0,0
BRDA:56,5,1,0
BRDA:70,6,0,0
BRDA:70,6,1,0
BRDA:82,7,0,0
BRDA:82,7,1,0
BRDA:101,8,0,0
BRDA:101,8,1,0
BRDA:121,9,0,0
BRDA:121,9,1,0
BRF:21
BRH:0
end_of_record
TN:
SF:src\main\utils\logger.ts
FN:5,(anonymous_0)
FN:16,(anonymous_1)
FN:17,(anonymous_2)
FN:23,(anonymous_3)
FN:26,(anonymous_4)
FN:32,(anonymous_5)
FN:44,(anonymous_6)
FN:56,(anonymous_7)
FN:68,(anonymous_8)
FN:83,(anonymous_9)
FN:90,(anonymous_10)
FN:94,(anonymous_11)
FN:96,(anonymous_12)
FN:99,(anonymous_13)
FNF:14
FNH:0
FNDA:0,(anonymous_0)
FNDA:0,(anonymous_1)
FNDA:0,(anonymous_2)
FNDA:0,(anonymous_3)
FNDA:0,(anonymous_4)
FNDA:0,(anonymous_5)
FNDA:0,(anonymous_6)
FNDA:0,(anonymous_7)
FNDA:0,(anonymous_8)
FNDA:0,(anonymous_9)
FNDA:0,(anonymous_10)
FNDA:0,(anonymous_11)
FNDA:0,(anonymous_12)
FNDA:0,(anonymous_13)
DA:2,0
DA:3,0
DA:5,0
DA:6,0
DA:7,0
DA:8,0
DA:9,0
DA:13,0
DA:14,0
DA:15,0
DA:18,0
DA:19,0
DA:21,0
DA:24,0
DA:27,0
DA:28,0
DA:29,0
DA:30,0
DA:33,0
DA:34,0
DA:35,0
DA:36,0
DA:37,0
DA:45,0
DA:46,0
DA:47,0
DA:48,0
DA:49,0
DA:57,0
DA:58,0
DA:59,0
DA:60,0
DA:61,0
DA:69,0
DA:70,0
DA:71,0
DA:72,0
DA:73,0
DA:74,0
DA:75,0
DA:84,0
DA:86,0
DA:87,0
DA:91,0
DA:92,0
DA:94,0
DA:97,0
DA:100,0
DA:103,0
DA:104,0
LF:50
LH:0
BRDA:10,0,0,0
BRDA:10,0,1,0
BRDA:15,1,0,0
BRDA:15,1,1,0
BRDA:18,2,0,0
BRDA:18,2,1,0
BRDA:29,3,0,0
BRDA:29,3,1,0
BRDA:33,4,0,0
BRDA:33,4,1,0
BRDA:45,5,0,0
BRDA:45,5,1,0
BRDA:57,6,0,0
BRDA:57,6,1,0
BRDA:69,7,0,0
BRDA:69,7,1,0
BRDA:73,8,0,0
BRDA:73,8,1,0
BRDA:86,9,0,0
BRDA:86,9,1,0
BRDA:91,10,0,0
BRDA:91,10,1,0
BRF:22
BRH:0
end_of_record
TN:
SF:src\main\utils\workerPool.ts
FN:6,(anonymous_0)
FN:21,(anonymous_1)
FN:24,(anonymous_2)
FN:27,(anonymous_3)
FN:31,(anonymous_4)
FN:39,(anonymous_5)
FN:44,(anonymous_6)
FN:54,(anonymous_7)
FN:56,(anonymous_8)
FN:76,(anonymous_9)
FN:93,(anonymous_10)
FN:121,(anonymous_11)
FN:130,(anonymous_12)
FN:133,(anonymous_13)
FN:136,(anonymous_14)
FN:138,(anonymous_15)
FN:167,(anonymous_16)
FN:168,(anonymous_17)
FNF:18
FNH:15
FNDA:2,(anonymous_0)
FNDA:9,(anonymous_1)
FNDA:127,(anonymous_2)
FNDA:4823,(anonymous_3)
FNDA:128,(anonymous_4)
FNDA:1,(anonymous_5)
FNDA:16,(anonymous_6)
FNDA:16,(anonymous_7)
FNDA:0,(anonymous_8)
FNDA:0,(anonymous_9)
FNDA:0,(anonymous_10)
FNDA:27,(anonymous_11)
FNDA:4,(anonymous_12)
FNDA:6,(anonymous_13)
FNDA:5,(anonymous_14)
FNDA:13,(anonymous_15)
FNDA:20,(anonymous_16)
FNDA:146,(anonymous_17)
DA:6,2
DA:7,2
DA:9,2
DA:10,2
DA:11,2
DA:12,2
DA:14,42
DA:15,42
DA:16,42
DA:17,42
DA:18,42
DA:19,42
DA:20,42
DA:22,9
DA:25,127
DA:27,4823
DA:28,127
DA:29,127
DA:32,128
DA:33,112
DA:35,16
DA:36,16
DA:37,0
DA:38,16
DA:39,16
DA:40,1
DA:41,1
DA:45,16
DA:46,16
DA:47,16
DA:48,16
DA:49,16
DA:54,16
DA:56,16
DA:57,0
DA:59,0
DA:61,0
DA:63,0
DA:64,0
DA:65,0
DA:66,0
DA:67,0
DA:73,0
DA:76,16
DA:77,0
DA:78,0
DA:84,0
DA:85,0
DA:86,0
DA:91,0
DA:93,16
DA:94,0
DA:95,0
DA:99,16
DA:101,0
DA:104,1
DA:105,1
DA:106,1
DA:112,1
DA:113,1
DA:114,1
DA:122,27
DA:124,27
DA:125,5
DA:128,27
DA:131,4
DA:134,6
DA:138,13
DA:139,5
DA:140,1
DA:141,1
DA:146,1
DA:149,4
DA:150,4
DA:151,1
DA:152,1
DA:153,1
DA:158,1
DA:161,3
DA:168,146
DA:169,4
DA:170,16
DA:171,12
DA:172,4
DA:175,2
DA:176,2
LF:86
LH:67
BRDA:6,0,0,2
BRDA:6,0,1,2
BRDA:6,0,2,2
BRDA:7,1,0,0
BRDA:7,1,1,2
BRDA:7,2,0,2
BRDA:7,2,1,2
BRDA:27,3,0,4823
BRDA:27,3,1,4823
BRDA:27,4,0,4823
BRDA:27,4,1,4823
BRDA:32,5,0,112
BRDA:32,5,1,16
BRDA:32,6,0,128
BRDA:32,6,1,17
BRDA:36,7,0,0
BRDA:36,7,1,16
BRDA:57,8,0,0
BRDA:57,8,1,0
BRDA:57,9,0,0
BRDA:57,9,1,0
BRDA:57,9,2,0
BRDA:57,9,3,0
BRDA:61,10,0,0
BRDA:61,10,1,0
BRDA:94,11,0,0
BRDA:94,11,1,0
BRDA:94,12,0,0
BRDA:94,12,1,0
BRDA:105,13,0,0
BRDA:105,13,1,1
BRDA:124,14,0,5
BRDA:124,14,1,22
BRDA:124,15,0,27
BRDA:124,15,1,6
BRDA:139,16,0,1
BRDA:139,16,1,4
BRDA:150,17,0,1
BRDA:150,17,1,3
BRDA:168,18,0,4
BRDA:168,18,1,16
BRDA:170,19,0,12
BRDA:170,19,1,4
BRF:43
BRH:28
end_of_record
TN:
SF:src\preload\index.ts
FN:2,(anonymous_0)
FN:6,(anonymous_1)
FN:9,(anonymous_2)
FN:13,(anonymous_3)
FN:23,(anonymous_4)
FN:24,(anonymous_5)
FN:25,(anonymous_6)
FN:26,(anonymous_7)
FN:27,(anonymous_8)
FN:28,(anonymous_9)
FN:29,(anonymous_10)
FN:30,(anonymous_11)
FN:31,(anonymous_12)
FN:32,(anonymous_13)
FN:33,(anonymous_14)
FN:34,(anonymous_15)
FN:37,(anonymous_16)
FN:38,(anonymous_17)
FN:39,(anonymous_18)
FN:40,(anonymous_19)
FN:41,(anonymous_20)
FN:42,(anonymous_21)
FN:43,(anonymous_22)
FN:44,(anonymous_23)
FN:47,(anonymous_24)
FN:48,(anonymous_25)
FN:49,(anonymous_26)
FN:50,(anonymous_27)
FN:51,(anonymous_28)
FN:52,(anonymous_29)
FN:53,(anonymous_30)
FN:54,(anonymous_31)
FN:55,(anonymous_32)
FN:56,(anonymous_33)
FN:59,(anonymous_34)
FN:60,(anonymous_35)
FN:61,(anonymous_36)
FN:62,(anonymous_37)
FN:63,(anonymous_38)
FN:64,(anonymous_39)
FN:65,(anonymous_40)
FN:66,(anonymous_41)
FN:69,(anonymous_42)
FN:70,(anonymous_43)
FN:71,(anonymous_44)
FN:72,(anonymous_45)
FN:73,(anonymous_46)
FN:74,(anonymous_47)
FN:77,(anonymous_48)
FN:80,(anonymous_49)
FN:83,(anonymous_50)
FN:86,(anonymous_51)
FN:87,(anonymous_52)
FN:88,(anonymous_53)
FN:91,(anonymous_54)
FN:92,(anonymous_55)
FN:95,(anonymous_56)
FN:96,(anonymous_57)
FN:97,(anonymous_58)
FN:100,(anonymous_59)
FN:101,(anonymous_60)
FN:102,(anonymous_61)
FN:103,(anonymous_62)
FN:104,(anonymous_63)
FN:108,(anonymous_64)
FN:109,(anonymous_65)
FN:112,(anonymous_66)
FN:113,(anonymous_67)
FN:114,(anonymous_68)
FN:115,(anonymous_69)
FN:116,(anonymous_70)
FN:117,(anonymous_71)
FN:120,(anonymous_72)
FN:121,(anonymous_73)
FNF:74
FNH:0
FNDA:0,(anonymous_0)
FNDA:0,(anonymous_1)
FNDA:0,(anonymous_2)
FNDA:0,(anonymous_3)
FNDA:0,(anonymous_4)
FNDA:0,(anonymous_5)
FNDA:0,(anonymous_6)
FNDA:0,(anonymous_7)
FNDA:0,(anonymous_8)
FNDA:0,(anonymous_9)
FNDA:0,(anonymous_10)
FNDA:0,(anonymous_11)
FNDA:0,(anonymous_12)
FNDA:0,(anonymous_13)
FNDA:0,(anonymous_14)
FNDA:0,(anonymous_15)
FNDA:0,(anonymous_16)
FNDA:0,(anonymous_17)
FNDA:0,(anonymous_18)
FNDA:0,(anonymous_19)
FNDA:0,(anonymous_20)
FNDA:0,(anonymous_21)
FNDA:0,(anonymous_22)
FNDA:0,(anonymous_23)
FNDA:0,(anonymous_24)
FNDA:0,(anonymous_25)
FNDA:0,(anonymous_26)
FNDA:0,(anonymous_27)
FNDA:0,(anonymous_28)
FNDA:0,(anonymous_29)
FNDA:0,(anonymous_30)
FNDA:0,(anonymous_31)
FNDA:0,(anonymous_32)
FNDA:0,(anonymous_33)
FNDA:0,(anonymous_34)
FNDA:0,(anonymous_35)
FNDA:0,(anonymous_36)
FNDA:0,(anonymous_37)
FNDA:0,(anonymous_38)
FNDA:0,(anonymous_39)
FNDA:0,(anonymous_40)
FNDA:0,(anonymous_41)
FNDA:0,(anonymous_42)
FNDA:0,(anonymous_43)
FNDA:0,(anonymous_44)
FNDA:0,(anonymous_45)
FNDA:0,(anonymous_46)
FNDA:0,(anonymous_47)
FNDA:0,(anonymous_48)
FNDA:0,(anonymous_49)
FNDA:0,(anonymous_50)
FNDA:0,(anonymous_51)
FNDA:0,(anonymous_52)
FNDA:0,(anonymous_53)
FNDA:0,(anonymous_54)
FNDA:0,(anonymous_55)
FNDA:0,(anonymous_56)
FNDA:0,(anonymous_57)
FNDA:0,(anonymous_58)
FNDA:0,(anonymous_59)
FNDA:0,(anonymous_60)
FNDA:0,(anonymous_61)
FNDA:0,(anonymous_62)
FNDA:0,(anonymous_63)
FNDA:0,(anonymous_64)
FNDA:0,(anonymous_65)
FNDA:0,(anonymous_66)
FNDA:0,(anonymous_67)
FNDA:0,(anonymous_68)
FNDA:0,(anonymous_69)
FNDA:0,(anonymous_70)
FNDA:0,(anonymous_71)
FNDA:0,(anonymous_72)
FNDA:0,(anonymous_73)
DA:2,0
DA:3,0
DA:4,0
DA:5,0
DA:6,0
DA:8,0
DA:10,0
DA:11,0
DA:13,0
DA:14,0
DA:16,0
DA:17,0
DA:18,0
DA:19,0
DA:21,0
DA:23,0
DA:24,0
DA:25,0
DA:26,0
DA:27,0
DA:28,0
DA:29,0
DA:30,0
DA:31,0
DA:32,0
DA:33,0
DA:34,0
DA:37,0
DA:38,0
DA:39,0
DA:40,0
DA:41,0
DA:42,0
DA:43,0
DA:44,0
DA:47,0
DA:48,0
DA:49,0
DA:50,0
DA:51,0
DA:52,0
DA:53,0
DA:54,0
DA:55,0
DA:56,0
DA:59,0
DA:60,0
DA:61,0
DA:62,0
DA:63,0
DA:64,0
DA:65,0
DA:66,0
DA:69,0
DA:70,0
DA:71,0
DA:72,0
DA:73,0
DA:74,0
DA:77,0
DA:80,0
DA:83,0
DA:86,0
DA:87,0
DA:88,0
DA:91,0
DA:92,0
DA:95,0
DA:96,0
DA:97,0
DA:100,0
DA:101,0
DA:102,0
DA:104,0
DA:108,0
DA:109,0
DA:112,0
DA:113,0
DA:114,0
DA:115,0
DA:116,0
DA:117,0
DA:120,0
DA:121,0
DA:127,0
DA:128,0
DA:129,0
DA:130,0
DA:133,0
DA:138,0
DA:140,0
LF:91
LH:0
BRDA:2,0,0,0
BRDA:2,0,1,0
BRDA:2,0,2,0
BRDA:2,1,0,0
BRDA:2,1,1,0
BRDA:3,2,0,0
BRDA:3,2,1,0
BRDA:5,3,0,0
BRDA:5,3,1,0
BRDA:5,4,0,0
BRDA:5,4,1,0
BRDA:5,5,0,0
BRDA:5,5,1,0
BRDA:5,6,0,0
BRDA:5,6,1,0
BRDA:10,7,0,0
BRDA:10,7,1,0
BRDA:13,8,0,0
BRDA:13,8,1,0
BRDA:13,8,2,0
BRDA:14,9,0,0
BRDA:14,9,1,0
BRDA:14,10,0,0
BRDA:14,10,1,0
BRDA:127,11,0,0
BRDA:127,11,1,0
BRF:26
BRH:0
end_of_record
TN:
SF:src\preload\types.ts
FNF:0
FNH:0
DA:2,0
LF:1
LH:0
BRF:0
BRH:0
end_of_record
TN:
SF:src\renderer\src\hooks\useAsyncOperation.ts
FN:7,(anonymous_0)
FN:8,(anonymous_1)
FN:14,(anonymous_2)
FN:41,(anonymous_3)
FN:54,(anonymous_4)
FNF:5
FNH:0
FNDA:0,(anonymous_0)
FNDA:0,(anonymous_1)
FNDA:0,(anonymous_2)
FNDA:0,(anonymous_3)
FNDA:0,(anonymous_4)
DA:2,0
DA:3,0
DA:4,0
DA:9,0
DA:10,0
DA:12,0
DA:15,0
DA:16,0
DA:17,0
DA:18,0
DA:21,0
DA:22,0
DA:23,0
DA:24,0
DA:25,0
DA:29,0
DA:32,0
DA:33,0
DA:34,0
DA:35,0
DA:38,0
DA:42,0
DA:43,0
DA:45,0
DA:46,0
DA:48,0
DA:51,0
DA:52,0
DA:54,0
DA:55,0
DA:56,0
DA:58,0
LF:32
LH:0
BRDA:9,0,0,0
BRDA:9,0,1,0
BRDA:14,1,0,0
BRDA:15,2,0,0
BRDA:15,3,0,0
BRDA:17,4,0,0
BRDA:17,4,1,0
BRDA:17,5,0,0
BRDA:17,5,1,0
BRDA:22,6,0,0
BRDA:22,6,1,0
BRDA:24,7,0,0
BRDA:24,7,1,0
BRDA:32,8,0,0
BRDA:32,8,1,0
BRDA:42,9,0,0
BRDA:42,9,1,0
BRDA:45,10,0,0
BRDA:45,10,1,0
BRF:19
BRH:0
end_of_record
TN:
SF:src\renderer\src\hooks\useAutoSave.ts
FN:6,(anonymous_0)
FN:8,(anonymous_1)
FN:19,(anonymous_2)
FN:20,(anonymous_3)
FN:25,(anonymous_4)
FN:31,(anonymous_5)
FN:38,(anonymous_6)
FN:66,(anonymous_7)
FN:69,(anonymous_8)
FN:79,(anonymous_9)
FN:85,(anonymous_10)
FN:95,(anonymous_11)
FN:98,(anonymous_12)
FN:99,(anonymous_13)
FNF:14
FNH:0
FNDA:0,(anonymous_0)
FNDA:0,(anonymous_1)
FNDA:0,(anonymous_2)
FNDA:0,(anonymous_3)
FNDA:0,(anonymous_4)
FNDA:0,(anonymous_5)
FNDA:0,(anonymous_6)
FNDA:0,(anonymous_7)
FNDA:0,(anonymous_8)
FNDA:0,(anonymous_9)
FNDA:0,(anonymous_10)
FNDA:0,(anonymous_11)
FNDA:0,(anonymous_12)
FNDA:0,(anonymous_13)
DA:2,0
DA:3,0
DA:4,0
DA:5,0
DA:6,0
DA:8,0
DA:9,0
DA:10,0
DA:15,0
DA:16,0
DA:17,0
DA:19,0
DA:20,0
DA:21,0
DA:22,0
DA:25,0
DA:26,0
DA:27,0
DA:31,0
DA:32,0
DA:33,0
DA:35,0
DA:37,0
DA:38,0
DA:43,0
DA:44,0
DA:45,0
DA:51,0
DA:52,0
DA:55,0
DA:66,0
DA:67,0
DA:68,0
DA:69,0
DA:76,0
DA:77,0
DA:79,0
DA:80,0
DA:81,0
DA:85,0
DA:86,0
DA:91,0
DA:92,0
DA:95,0
DA:96,0
DA:98,0
DA:99,0
DA:104,0
DA:105,0
DA:109,0
DA:119,0
LF:51
LH:0
BRDA:7,0,0,0
BRDA:8,1,0,0
BRDA:8,2,0,0
BRDA:21,3,0,0
BRDA:21,3,1,0
BRDA:21,4,0,0
BRDA:21,4,1,0
BRDA:26,5,0,0
BRDA:26,5,1,0
BRDA:32,6,0,0
BRDA:32,6,1,0
BRDA:32,7,0,0
BRDA:32,7,1,0
BRDA:44,8,0,0
BRDA:44,8,1,0
BRDA:51,9,0,0
BRDA:51,9,1,0
BRDA:76,10,0,0
BRDA:76,10,1,0
BRDA:80,11,0,0
BRDA:80,11,1,0
BRDA:91,12,0,0
BRDA:91,12,1,0
BRDA:104,13,0,0
BRDA:104,13,1,0
BRF:25
BRH:0
end_of_record
TN:
SF:src\renderer\src\hooks\useProgress.ts
FN:6,(anonymous_0)
FN:14,(anonymous_1)
FN:26,(anonymous_2)
FN:27,(anonymous_3)
FN:39,(anonymous_4)
FN:40,(anonymous_5)
FN:54,(anonymous_6)
FN:55,(anonymous_7)
FN:68,(anonymous_8)
FN:69,(anonymous_9)
FNF:10
FNH:0
FNDA:0,(anonymous_0)
FNDA:0,(anonymous_1)
FNDA:0,(anonymous_2)
FNDA:0,(anonymous_3)
FNDA:0,(anonymous_4)
FNDA:0,(anonymous_5)
FNDA:0,(anonymous_6)
FNDA:0,(anonymous_7)
FNDA:0,(anonymous_8)
FNDA:0,(anonymous_9)
DA:2,0
DA:3,0
DA:4,0
DA:5,0
DA:6,0
DA:7,0
DA:13,0
DA:14,0
DA:15,0
DA:21,0
DA:22,0
DA:24,0
DA:26,0
DA:27,0
DA:32,0
DA:33,0
DA:34,0
DA:35,0
DA:39,0
DA:40,0
DA:46,0
DA:47,0
DA:48,0
DA:49,0
DA:54,0
DA:55,0
DA:60,0
DA:61,0
DA:62,0
DA:63,0
DA:68,0
DA:69,0
DA:74,0
DA:75,0
DA:77,0
DA:78,0
DA:82,0
DA:91,0
LF:38
LH:0
BRDA:6,0,0,0
BRDA:18,1,0,0
BRDA:18,1,1,0
BRDA:18,1,2,0
BRDA:21,2,0,0
BRDA:21,2,1,0
BRDA:24,3,0,0
BRDA:24,3,1,0
BRDA:24,3,2,0
BRDA:30,4,0,0
BRDA:30,4,1,0
BRDA:33,5,0,0
BRDA:33,5,1,0
BRDA:35,6,0,0
BRDA:35,6,1,0
BRDA:46,7,0,0
BRDA:46,7,1,0
BRDA:48,8,0,0
BRDA:48,8,1,0
BRDA:60,9,0,0
BRDA:60,9,1,0
BRDA:62,10,0,0
BRDA:62,10,1,0
BRDA:74,11,0,0
BRDA:74,11,1,0
BRDA:77,12,0,0
BRDA:77,12,1,0
BRF:27
BRH:0
end_of_record
TN:
SF:src\renderer\src\hooks\useUndoRedo.ts
FN:6,(anonymous_0)
FN:10,(anonymous_1)
FN:24,(anonymous_2)
FN:44,(anonymous_3)
FN:66,(anonymous_4)
FNF:5
FNH:0
FNDA:0,(anonymous_0)
FNDA:0,(anonymous_1)
FNDA:0,(anonymous_2)
FNDA:0,(anonymous_3)
FNDA:0,(anonymous_4)
DA:2,0
DA:3,0
DA:4,0
DA:5,0
DA:6,0
DA:7,0
DA:8,0
DA:9,0
DA:10,0
DA:11,0
DA:19,0
DA:20,0
DA:21,0
DA:24,0
DA:25,0
DA:26,0
DA:27,0
DA:29,0
DA:30,0
DA:31,0
DA:32,0
DA:33,0
DA:34,0
DA:36,0
DA:40,0
DA:44,0
DA:45,0
DA:46,0
DA:47,0
DA:49,0
DA:50,0
DA:51,0
DA:52,0
DA:53,0
DA:54,0
DA:56,0
DA:60,0
DA:64,0
DA:65,0
DA:66,0
DA:67,0
DA:68,0
DA:71,0
DA:82,0
LF:44
LH:0
BRDA:6,0,0,0
BRDA:7,1,0,0
BRDA:10,2,0,0
BRDA:25,3,0,0
BRDA:25,3,1,0
BRDA:31,4,0,0
BRDA:31,4,1,0
BRDA:45,5,0,0
BRDA:45,5,1,0
BRDA:51,6,0,0
BRDA:51,6,1,0
BRF:11
BRH:0
end_of_record
TN:
SF:src\renderer\src\utils\excelReader.ts
FN:2,(anonymous_0)
FN:6,(anonymous_1)
FN:9,(anonymous_2)
FN:13,(anonymous_3)
FN:15,(anonymous_4)
FN:18,(anonymous_5)
FN:19,(anonymous_6)
FN:20,(anonymous_7)
FN:27,(anonymous_8)
FN:35,(anonymous_9)
FN:42,(anonymous_10)
FN:45,(anonymous_11)
FN:50,(anonymous_12)
FN:58,(anonymous_13)
FN:63,(anonymous_14)
FN:68,(anonymous_15)
FN:92,(anonymous_16)
FN:106,(anonymous_17)
FN:126,(anonymous_18)
FN:135,(anonymous_19)
FNF:20
FNH:0
FNDA:0,(anonymous_0)
FNDA:0,(anonymous_1)
FNDA:0,(anonymous_2)
FNDA:0,(anonymous_3)
FNDA:0,(anonymous_4)
FNDA:0,(anonymous_5)
FNDA:0,(anonymous_6)
FNDA:0,(anonymous_7)
FNDA:0,(anonymous_8)
FNDA:0,(anonymous_9)
FNDA:0,(anonymous_10)
FNDA:0,(anonymous_11)
FNDA:0,(anonymous_12)
FNDA:0,(anonymous_13)
FNDA:0,(anonymous_14)
FNDA:0,(anonymous_15)
FNDA:0,(anonymous_16)
FNDA:0,(anonymous_17)
FNDA:0,(anonymous_18)
FNDA:0,(anonymous_19)
DA:2,0
DA:3,0
DA:4,0
DA:5,0
DA:6,0
DA:8,0
DA:10,0
DA:11,0
DA:13,0
DA:14,0
DA:16,0
DA:18,0
DA:19,0
DA:20,0
DA:21,0
DA:22,0
DA:23,0
DA:25,0
DA:27,0
DA:28,0
DA:29,0
DA:30,0
DA:31,0
DA:32,0
DA:35,0
DA:36,0
DA:38,0
DA:39,0
DA:40,0
DA:41,0
DA:42,0
DA:45,0
DA:46,0
DA:47,0
DA:48,0
DA:49,0
DA:50,0
DA:51,0
DA:52,0
DA:53,0
DA:54,0
DA:55,0
DA:56,0
DA:58,0
DA:59,0
DA:60,0
DA:61,0
DA:62,0
DA:63,0
DA:64,0
DA:65,0
DA:66,0
DA:67,0
DA:68,0
DA:70,0
DA:71,0
DA:73,0
DA:74,0
DA:76,0
DA:77,0
DA:79,0
DA:81,0
DA:83,0
DA:92,0
DA:93,0
DA:94,0
DA:95,0
DA:97,0
DA:98,0
DA:99,0
DA:100,0
DA:101,0
DA:102,0
DA:103,0
DA:104,0
DA:106,0
DA:111,0
DA:112,0
DA:113,0
DA:114,0
DA:115,0
DA:117,0
DA:121,0
DA:122,0
DA:123,0
DA:124,0
DA:126,0
DA:129,0
DA:130,0
DA:131,0
DA:134,0
DA:135,0
DA:136,0
DA:137,0
DA:138,0
DA:139,0
DA:141,0
DA:143,0
LF:98
LH:0
BRDA:2,0,0,0
BRDA:2,0,1,0
BRDA:2,0,2,0
BRDA:2,1,0,0
BRDA:2,1,1,0
BRDA:3,2,0,0
BRDA:3,2,1,0
BRDA:5,3,0,0
BRDA:5,3,1,0
BRDA:5,4,0,0
BRDA:5,4,1,0
BRDA:5,5,0,0
BRDA:5,5,1,0
BRDA:5,6,0,0
BRDA:5,6,1,0
BRDA:10,7,0,0
BRDA:10,7,1,0
BRDA:13,8,0,0
BRDA:13,8,1,0
BRDA:13,8,2,0
BRDA:13,9,0,0
BRDA:13,9,1,0
BRDA:18,10,0,0
BRDA:18,10,1,0
BRDA:18,10,2,0
BRDA:20,11,0,0
BRDA:20,11,1,0
BRDA:22,12,0,0
BRDA:22,12,1,0
BRDA:28,13,0,0
BRDA:28,13,1,0
BRDA:28,14,0,0
BRDA:28,14,1,0
BRDA:30,15,0,0
BRDA:30,15,1,0
BRDA:30,16,0,0
BRDA:30,16,1,0
BRDA:35,17,0,0
BRDA:35,17,1,0
BRDA:35,17,2,0
BRDA:36,18,0,0
BRDA:36,18,1,0
BRDA:36,19,0,0
BRDA:36,19,1,0
BRDA:51,20,0,0
BRDA:51,20,1,0
BRDA:52,21,0,0
BRDA:52,21,1,0
BRDA:54,22,0,0
BRDA:54,22,1,0
BRDA:55,23,0,0
BRDA:55,23,1,0
BRDA:59,24,0,0
BRDA:59,24,1,0
BRDA:67,25,0,0
BRDA:67,25,1,0
BRDA:67,26,0,0
BRDA:67,26,1,0
BRDA:67,26,2,0
BRDA:70,27,0,0
BRDA:70,27,1,0
BRDA:70,28,0,0
BRDA:70,28,1,0
BRDA:70,28,2,0
BRDA:71,29,0,0
BRDA:71,29,1,0
BRDA:73,30,0,0
BRDA:73,30,1,0
BRDA:76,31,0,0
BRDA:76,31,1,0
BRDA:76,32,0,0
BRDA:76,32,1,0
BRDA:76,32,2,0
BRDA:77,33,0,0
BRDA:77,33,1,0
BRDA:79,34,0,0
BRDA:79,34,1,0
BRDA:79,35,0,0
BRDA:79,35,1,0
BRDA:94,36,0,0
BRDA:94,36,1,0
BRDA:101,37,0,0
BRDA:101,37,1,0
BRDA:103,38,0,0
BRDA:103,38,1,0
BRDA:111,39,0,0
BRDA:111,39,1,0
BRDA:114,40,0,0
BRDA:114,40,1,0
BRDA:123,41,0,0
BRDA:123,41,1,0
BRDA:130,42,0,0
BRDA:130,42,1,0
BRDA:138,43,0,0
BRDA:138,43,1,0
BRF:95
BRH:0
end_of_record
TN:
SF:src\renderer\src\utils\importHelpers.ts
FN:10,(anonymous_0)
FN:13,(anonymous_1)
FN:26,(anonymous_2)
FN:38,(anonymous_3)
FN:54,(anonymous_4)
FN:63,(anonymous_5)
FN:75,(anonymous_6)
FN:90,(anonymous_7)
FN:96,(anonymous_8)
FNF:9
FNH:0
FNDA:0,(anonymous_0)
FNDA:0,(anonymous_1)
FNDA:0,(anonymous_2)
FNDA:0,(anonymous_3)
FNDA:0,(anonymous_4)
FNDA:0,(anonymous_5)
FNDA:0,(anonymous_6)
FNDA:0,(anonymous_7)
FNDA:0,(anonymous_8)
DA:5,0
DA:6,0
DA:10,0
DA:11,0
DA:13,0
DA:14,0
DA:15,0
DA:16,0
DA:19,0
DA:21,0
DA:26,0
DA:28,0
DA:29,0
DA:32,0
DA:36,0
DA:37,0
DA:38,0
DA:39,0
DA:40,0
DA:41,0
DA:42,0
DA:44,0
DA:45,0
DA:48,0
DA:50,0
DA:54,0
DA:55,0
DA:56,0
DA:57,0
DA:58,0
DA:59,0
DA:60,0
DA:63,0
DA:64,0
DA:65,0
DA:66,0
DA:67,0
DA:69,0
DA:71,0
DA:75,0
DA:76,0
DA:77,0
DA:78,0
DA:79,0
DA:80,0
DA:82,0
DA:83,0
DA:84,0
DA:86,0
DA:90,0
DA:91,0
DA:92,0
DA:95,0
DA:96,0
DA:97,0
DA:99,0
DA:101,0
LF:57
LH:0
BRDA:14,0,0,0
BRDA:14,0,1,0
BRDA:26,1,0,0
BRDA:29,2,0,0
BRDA:29,2,1,0
BRDA:29,3,0,0
BRDA:29,3,1,0
BRDA:29,3,2,0
BRDA:40,4,0,0
BRDA:40,4,1,0
BRDA:44,5,0,0
BRDA:44,5,1,0
BRDA:44,6,0,0
BRDA:44,6,1,0
BRDA:44,6,2,0
BRDA:57,7,0,0
BRDA:57,7,1,0
BRDA:59,8,0,0
BRDA:59,8,1,0
BRDA:63,9,0,0
BRDA:63,9,1,0
BRDA:64,10,0,0
BRDA:64,10,1,0
BRDA:66,11,0,0
BRDA:66,11,1,0
BRDA:76,12,0,0
BRDA:76,12,1,0
BRDA:78,13,0,0
BRDA:78,13,1,0
BRDA:79,14,0,0
BRDA:79,14,1,0
BRDA:79,15,0,0
BRDA:79,15,1,0
BRDA:84,16,0,0
BRDA:84,16,1,0
BRDA:92,17,0,0
BRDA:92,17,1,0
BRDA:95,18,0,0
BRDA:95,18,1,0
BRDA:97,19,0,0
BRDA:97,19,1,0
BRF:41
BRH:0
end_of_record
TN:
SF:src\renderer\src\utils\standardWorkbook.ts
FN:6,(anonymous_0)
FN:7,(anonymous_1)
FN:8,(anonymous_2)
FN:9,(anonymous_3)
FN:12,(anonymous_4)
FN:13,(anonymous_5)
FN:21,(anonymous_6)
FN:37,(anonymous_7)
FN:45,(anonymous_8)
FN:58,(anonymous_9)
FN:65,(anonymous_10)
FN:66,(anonymous_11)
FN:87,(anonymous_12)
FN:87,(anonymous_13)
FN:88,(anonymous_14)
FN:89,(anonymous_15)
FN:100,(anonymous_16)
FN:105,(anonymous_17)
FN:110,(anonymous_18)
FN:201,(anonymous_19)
FN:310,(anonymous_20)
FN:313,(anonymous_21)
FN:342,(anonymous_22)
FN:353,(anonymous_23)
FN:366,(anonymous_24)
FN:367,(anonymous_25)
FN:375,(anonymous_26)
FN:376,(anonymous_27)
FN:393,(anonymous_28)
FN:393,(anonymous_29)
FNF:30
FNH:0
FNDA:0,(anonymous_0)
FNDA:0,(anonymous_1)
FNDA:0,(anonymous_2)
FNDA:0,(anonymous_3)
FNDA:0,(anonymous_4)
FNDA:0,(anonymous_5)
FNDA:0,(anonymous_6)
FNDA:0,(anonymous_7)
FNDA:0,(anonymous_8)
FNDA:0,(anonymous_9)
FNDA:0,(anonymous_10)
FNDA:0,(anonymous_11)
FNDA:0,(anonymous_12)
FNDA:0,(anonymous_13)
FNDA:0,(anonymous_14)
FNDA:0,(anonymous_15)
FNDA:0,(anonymous_16)
FNDA:0,(anonymous_17)
FNDA:0,(anonymous_18)
FNDA:0,(anonymous_19)
FNDA:0,(anonymous_20)
FNDA:0,(anonymous_21)
FNDA:0,(anonymous_22)
FNDA:0,(anonymous_23)
FNDA:0,(anonymous_24)
FNDA:0,(anonymous_25)
FNDA:0,(anonymous_26)
FNDA:0,(anonymous_27)
FNDA:0,(anonymous_28)
FNDA:0,(anonymous_29)
DA:2,0
DA:3,0
DA:4,0
DA:5,0
DA:6,0
DA:7,0
DA:8,0
DA:9,0
DA:10,0
DA:12,0
DA:13,0
DA:14,0
DA:15,0
DA:16,0
DA:17,0
DA:18,0
DA:19,0
DA:21,0
DA:22,0
DA:23,0
DA:27,0
DA:29,0
DA:30,0
DA:32,0
DA:33,0
DA:35,0
DA:37,0
DA:38,0
DA:39,0
DA:40,0
DA:41,0
DA:42,0
DA:43,0
DA:45,0
DA:46,0
DA:47,0
DA:48,0
DA:49,0
DA:50,0
DA:51,0
DA:54,0
DA:56,0
DA:58,0
DA:59,0
DA:60,0
DA:61,0
DA:63,0
DA:65,0
DA:66,0
DA:67,0
DA:68,0
DA:69,0
DA:70,0
DA:71,0
DA:72,0
DA:74,0
DA:75,0
DA:76,0
DA:78,0
DA:79,0
DA:80,0
DA:82,0
DA:83,0
DA:84,0
DA:85,0
DA:87,0
DA:88,0
DA:89,0
DA:90,0
DA:91,0
DA:92,0
DA:93,0
DA:94,0
DA:95,0
DA:96,0
DA:98,0
DA:100,0
DA:101,0
DA:102,0
DA:105,0
DA:106,0
DA:107,0
DA:110,0
DA:111,0
DA:112,0
DA:113,0
DA:114,0
DA:115,0
DA:118,0
DA:119,0
DA:120,0
DA:121,0
DA:122,0
DA:123,0
DA:125,0
DA:126,0
DA:127,0
DA:128,0
DA:129,0
DA:130,0
DA:131,0
DA:132,0
DA:133,0
DA:134,0
DA:135,0
DA:137,0
DA:138,0
DA:139,0
DA:140,0
DA:142,0
DA:158,0
DA:173,0
DA:174,0
DA:176,0
DA:177,0
DA:179,0
DA:180,0
DA:182,0
DA:183,0
DA:184,0
DA:185,0
DA:186,0
DA:187,0
DA:188,0
DA:189,0
DA:190,0
DA:192,0
DA:193,0
DA:194,0
DA:195,0
DA:197,0
DA:198,0
DA:199,0
DA:201,0
DA:202,0
DA:203,0
DA:205,0
DA:209,0
DA:210,0
DA:211,0
DA:212,0
DA:215,0
DA:216,0
DA:217,0
DA:218,0
DA:219,0
DA:220,0
DA:221,0
DA:222,0
DA:224,0
DA:225,0
DA:226,0
DA:227,0
DA:228,0
DA:230,0
DA:231,0
DA:232,0
DA:233,0
DA:235,0
DA:236,0
DA:237,0
DA:238,0
DA:240,0
DA:241,0
DA:242,0
DA:243,0
DA:244,0
DA:245,0
DA:259,0
DA:260,0
DA:262,0
DA:263,0
DA:265,0
DA:266,0
DA:268,0
DA:269,0
DA:270,0
DA:272,0
DA:273,0
DA:274,0
DA:275,0
DA:276,0
DA:277,0
DA:278,0
DA:279,0
DA:281,0
DA:282,0
DA:283,0
DA:284,0
DA:285,0
DA:286,0
DA:288,0
DA:289,0
DA:290,0
DA:291,0
DA:293,0
DA:294,0
DA:295,0
DA:296,0
DA:298,0
DA:299,0
DA:300,0
DA:301,0
DA:303,0
DA:304,0
DA:305,0
DA:306,0
DA:308,0
DA:309,0
DA:310,0
DA:311,0
DA:312,0
DA:313,0
DA:314,0
DA:315,0
DA:318,0
DA:321,0
DA:322,0
DA:323,0
DA:324,0
DA:325,0
DA:326,0
DA:327,0
DA:328,0
DA:330,0
DA:340,0
DA:342,0
DA:344,0
DA:345,0
DA:346,0
DA:348,0
DA:349,0
DA:350,0
DA:351,0
DA:353,0
DA:354,0
DA:355,0
DA:356,0
DA:357,0
DA:358,0
DA:359,0
DA:360,0
DA:362,0
DA:363,0
DA:364,0
DA:366,0
DA:367,0
DA:368,0
DA:375,0
DA:376,0
DA:377,0
DA:378,0
DA:380,0
DA:381,0
DA:383,0
DA:384,0
DA:386,0
DA:387,0
DA:389,0
DA:390,0
DA:391,0
DA:393,0
DA:394,0
DA:400,0
LF:264
LH:0
BRDA:6,0,0,0
BRDA:6,0,1,0
BRDA:6,1,0,0
BRDA:6,1,1,0
BRDA:10,2,0,0
BRDA:10,2,1,0
BRDA:15,3,0,0
BRDA:15,3,1,0
BRDA:15,4,0,0
BRDA:15,4,1,0
BRDA:17,5,0,0
BRDA:17,5,1,0
BRDA:19,6,0,0
BRDA:19,6,1,0
BRDA:23,7,0,0
BRDA:23,7,1,0
BRDA:23,8,0,0
BRDA:23,8,1,0
BRDA:23,8,2,0
BRDA:23,8,3,0
BRDA:29,9,0,0
BRDA:29,9,1,0
BRDA:29,10,0,0
BRDA:29,10,1,0
BRDA:32,11,0,0
BRDA:32,11,1,0
BRDA:35,12,0,0
BRDA:35,12,1,0
BRDA:39,13,0,0
BRDA:39,13,1,0
BRDA:39,14,0,0
BRDA:39,14,1,0
BRDA:39,14,2,0
BRDA:41,15,0,0
BRDA:41,15,1,0
BRDA:43,16,0,0
BRDA:43,16,1,0
BRDA:47,17,0,0
BRDA:47,17,1,0
BRDA:47,18,0,0
BRDA:47,18,1,0
BRDA:47,18,2,0
BRDA:49,19,0,0
BRDA:49,19,1,0
BRDA:49,20,0,0
BRDA:49,20,1,0
BRDA:51,21,0,0
BRDA:51,21,1,0
BRDA:51,22,0,0
BRDA:51,22,1,0
BRDA:51,22,2,0
BRDA:56,23,0,0
BRDA:56,23,1,0
BRDA:60,24,0,0
BRDA:60,24,1,0
BRDA:60,25,0,0
BRDA:60,25,1,0
BRDA:60,25,2,0
BRDA:68,26,0,0
BRDA:68,26,1,0
BRDA:71,27,0,0
BRDA:71,27,1,0
BRDA:75,28,0,0
BRDA:75,28,1,0
BRDA:79,29,0,0
BRDA:79,29,1,0
BRDA:83,30,0,0
BRDA:83,30,1,0
BRDA:91,31,0,0
BRDA:91,31,1,0
BRDA:95,32,0,0
BRDA:95,32,1,0
BRDA:95,33,0,0
BRDA:95,33,1,0
BRDA:101,34,0,0
BRDA:101,34,1,0
BRDA:106,35,0,0
BRDA:106,35,1,0
BRDA:114,36,0,0
BRDA:114,36,1,0
BRDA:118,37,0,0
BRDA:118,37,1,0
BRDA:119,38,0,0
BRDA:119,38,1,0
BRDA:120,39,0,0
BRDA:120,39,1,0
BRDA:121,40,0,0
BRDA:121,40,1,0
BRDA:122,41,0,0
BRDA:122,41,1,0
BRDA:129,42,0,0
BRDA:129,42,1,0
BRDA:133,43,0,0
BRDA:133,43,1,0
BRDA:138,44,0,0
BRDA:138,44,1,0
BRDA:176,45,0,0
BRDA:176,45,1,0
BRDA:179,46,0,0
BRDA:179,46,1,0
BRDA:183,47,0,0
BRDA:183,47,1,0
BRDA:188,48,0,0
BRDA:188,48,1,0
BRDA:193,49,0,0
BRDA:193,49,1,0
BRDA:197,50,0,0
BRDA:197,50,1,0
BRDA:201,51,0,0
BRDA:201,51,1,0
BRDA:211,52,0,0
BRDA:211,52,1,0
BRDA:216,53,0,0
BRDA:216,53,1,0
BRDA:220,54,0,0
BRDA:220,54,1,0
BRDA:226,55,0,0
BRDA:226,55,1,0
BRDA:226,56,0,0
BRDA:226,56,1,0
BRDA:231,57,0,0
BRDA:231,57,1,0
BRDA:236,58,0,0
BRDA:236,58,1,0
BRDA:248,59,0,0
BRDA:248,59,1,0
BRDA:250,60,0,0
BRDA:250,60,1,0
BRDA:259,61,0,0
BRDA:259,61,1,0
BRDA:262,62,0,0
BRDA:262,62,1,0
BRDA:265,63,0,0
BRDA:265,63,1,0
BRDA:273,64,0,0
BRDA:273,64,1,0
BRDA:277,65,0,0
BRDA:277,65,1,0
BRDA:284,66,0,0
BRDA:284,66,1,0
BRDA:284,67,0,0
BRDA:284,67,1,0
BRDA:289,68,0,0
BRDA:289,68,1,0
BRDA:294,69,0,0
BRDA:294,69,1,0
BRDA:299,70,0,0
BRDA:299,70,1,0
BRDA:304,71,0,0
BRDA:304,71,1,0
BRDA:311,72,0,0
BRDA:311,72,1,0
BRDA:314,73,0,0
BRDA:314,73,1,0
BRDA:327,74,0,0
BRDA:327,74,1,0
BRDA:328,75,0,0
BRDA:328,75,1,0
BRDA:341,76,0,0
BRDA:341,76,1,0
BRDA:343,77,0,0
BRDA:343,77,1,0
BRDA:344,78,0,0
BRDA:344,78,1,0
BRDA:344,79,0,0
BRDA:344,79,1,0
BRDA:345,80,0,0
BRDA:345,80,1,0
BRDA:348,81,0,0
BRDA:348,81,1,0
BRDA:357,82,0,0
BRDA:357,82,1,0
BRDA:359,83,0,0
BRDA:359,83,1,0
BRDA:363,84,0,0
BRDA:363,84,1,0
BRDA:377,85,0,0
BRDA:377,85,1,0
BRDA:377,86,0,0
BRDA:377,86,1,0
BRDA:380,87,0,0
BRDA:380,87,1,0
BRDA:383,88,0,0
BRDA:383,88,1,0
BRDA:386,89,0,0
BRDA:386,89,1,0
BRF:186
BRH:0
end_of_record
